ERROR main com.taotao.rest.jedis.JedisTest - 关闭连接失败
DEBUG main com.taotao.rest.jedis.JedisTest - 调用redisCluster开始
INFO main com.taotao.rest.jedis.JedisTest - 创建一个JedisCluster对象
DEBUG main com.taotao.rest.jedis.JedisTest - 设置key1的值为1000
DEBUG main com.taotao.rest.jedis.JedisTest - 从Redis中取key1的值
ERROR main com.taotao.rest.jedis.JedisTest - 关闭连接失败
DEBUG main com.taotao.rest.jedis.JedisTest - 调用redisCluster开始
INFO main com.taotao.rest.jedis.JedisTest - 创建一个JedisCluster对象
DEBUG main com.taotao.rest.jedis.JedisTest - 设置key1的值为1000
DEBUG main com.taotao.rest.jedis.JedisTest - 从Redis中取key1的值
ERROR main com.taotao.rest.jedis.JedisTest - 系统发送异常
java.lang.ArithmeticException: / by zero
	at com.taotao.rest.jedis.JedisTest.testJedisCluster(JedisTest.java:75)
	at sun.reflect.NativeMethodAccessorImpl.invoke0(Native Method)
	at sun.reflect.NativeMethodAccessorImpl.invoke(NativeMethodAccessorImpl.java:57)
	at sun.reflect.DelegatingMethodAccessorImpl.invoke(DelegatingMethodAccessorImpl.java:43)
	at java.lang.reflect.Method.invoke(Method.java:606)
	at org.junit.runners.model.FrameworkMethod$1.runReflectiveCall(FrameworkMethod.java:50)
	at org.junit.internal.runners.model.ReflectiveCallable.run(ReflectiveCallable.java:12)
	at org.junit.runners.model.FrameworkMethod.invokeExplosively(FrameworkMethod.java:47)
	at org.junit.internal.runners.statements.InvokeMethod.evaluate(InvokeMethod.java:17)
	at org.junit.runners.ParentRunner.runLeaf(ParentRunner.java:325)
	at org.junit.runners.BlockJUnit4ClassRunner.runChild(BlockJUnit4ClassRunner.java:78)
	at org.junit.runners.BlockJUnit4ClassRunner.runChild(BlockJUnit4ClassRunner.java:57)
	at org.junit.runners.ParentRunner$3.run(ParentRunner.java:290)
	at org.junit.runners.ParentRunner$1.schedule(ParentRunner.java:71)
	at org.junit.runners.ParentRunner.runChildren(ParentRunner.java:288)
	at org.junit.runners.ParentRunner.access$000(ParentRunner.java:58)
	at org.junit.runners.ParentRunner$2.evaluate(ParentRunner.java:268)
	at org.junit.runners.ParentRunner.run(ParentRunner.java:363)
	at org.eclipse.jdt.internal.junit4.runner.JUnit4TestReference.run(JUnit4TestReference.java:86)
	at org.eclipse.jdt.internal.junit.runner.TestExecution.run(TestExecution.java:38)
	at org.eclipse.jdt.internal.junit.runner.RemoteTestRunner.runTests(RemoteTestRunner.java:459)
	at org.eclipse.jdt.internal.junit.runner.RemoteTestRunner.runTests(RemoteTestRunner.java:675)
	at org.eclipse.jdt.internal.junit.runner.RemoteTestRunner.run(RemoteTestRunner.java:382)
	at org.eclipse.jdt.internal.junit.runner.RemoteTestRunner.main(RemoteTestRunner.java:192)
2015-09-19 15:14:26,342 [main] [com.taotao.rest.jedis.JedisTest]-[DEBUG] 调用redisCluster开始
2015-09-19 15:14:26,344 [main] [com.taotao.rest.jedis.JedisTest]-[INFO] 创建一个JedisCluster对象
2015-09-19 15:14:26,439 [main] [com.taotao.rest.jedis.JedisTest]-[DEBUG] 设置key1的值为1000
2015-09-19 15:14:26,445 [main] [com.taotao.rest.jedis.JedisTest]-[DEBUG] 从Redis中取key1的值
2015-09-19 15:14:26,448 [main] [com.taotao.rest.jedis.JedisTest]-[ERROR] 系统发送异常
java.lang.ArithmeticException: / by zero
	at com.taotao.rest.jedis.JedisTest.testJedisCluster(JedisTest.java:75)
	at sun.reflect.NativeMethodAccessorImpl.invoke0(Native Method)
	at sun.reflect.NativeMethodAccessorImpl.invoke(NativeMethodAccessorImpl.java:57)
	at sun.reflect.DelegatingMethodAccessorImpl.invoke(DelegatingMethodAccessorImpl.java:43)
	at java.lang.reflect.Method.invoke(Method.java:606)
	at org.junit.runners.model.FrameworkMethod$1.runReflectiveCall(FrameworkMethod.java:50)
	at org.junit.internal.runners.model.ReflectiveCallable.run(ReflectiveCallable.java:12)
	at org.junit.runners.model.FrameworkMethod.invokeExplosively(FrameworkMethod.java:47)
	at org.junit.internal.runners.statements.InvokeMethod.evaluate(InvokeMethod.java:17)
	at org.junit.runners.ParentRunner.runLeaf(ParentRunner.java:325)
	at org.junit.runners.BlockJUnit4ClassRunner.runChild(BlockJUnit4ClassRunner.java:78)
	at org.junit.runners.BlockJUnit4ClassRunner.runChild(BlockJUnit4ClassRunner.java:57)
	at org.junit.runners.ParentRunner$3.run(ParentRunner.java:290)
	at org.junit.runners.ParentRunner$1.schedule(ParentRunner.java:71)
	at org.junit.runners.ParentRunner.runChildren(ParentRunner.java:288)
	at org.junit.runners.ParentRunner.access$000(ParentRunner.java:58)
	at org.junit.runners.ParentRunner$2.evaluate(ParentRunner.java:268)
	at org.junit.runners.ParentRunner.run(ParentRunner.java:363)
	at org.eclipse.jdt.internal.junit4.runner.JUnit4TestReference.run(JUnit4TestReference.java:86)
	at org.eclipse.jdt.internal.junit.runner.TestExecution.run(TestExecution.java:38)
	at org.eclipse.jdt.internal.junit.runner.RemoteTestRunner.runTests(RemoteTestRunner.java:459)
	at org.eclipse.jdt.internal.junit.runner.RemoteTestRunner.runTests(RemoteTestRunner.java:675)
	at org.eclipse.jdt.internal.junit.runner.RemoteTestRunner.run(RemoteTestRunner.java:382)
	at org.eclipse.jdt.internal.junit.runner.RemoteTestRunner.main(RemoteTestRunner.java:192)
2016-12-29 13:54:12,371 [main] [com.taotao.rest.jedis.JedisTest]-[DEBUG] 调用redisCluster开始
2016-12-29 13:54:12,375 [main] [com.taotao.rest.jedis.JedisTest]-[INFO] 创建一个JedisCluster对象
2016-12-29 13:54:12,658 [main] [com.taotao.rest.jedis.JedisTest]-[DEBUG] 设置key1的值为1000
2016-12-29 14:21:01,404 [main] [com.taotao.rest.jedis.JedisTest]-[DEBUG] 调用redisCluster开始
2016-12-29 14:21:01,410 [main] [com.taotao.rest.jedis.JedisTest]-[INFO] 创建一个JedisCluster对象
2016-12-29 14:21:01,675 [main] [com.taotao.rest.jedis.JedisTest]-[DEBUG] 设置key1的值为1000
2016-12-29 14:21:01,685 [main] [com.taotao.rest.jedis.JedisTest]-[DEBUG] 从Redis中取key1的值
2016-12-29 14:21:01,688 [main] [com.taotao.rest.jedis.JedisTest]-[ERROR] 系统发送异常
java.lang.ArithmeticException: / by zero
	at com.taotao.rest.jedis.JedisTest.testJedisCluster(JedisTest.java:75)
	at sun.reflect.NativeMethodAccessorImpl.invoke0(Native Method)
	at sun.reflect.NativeMethodAccessorImpl.invoke(NativeMethodAccessorImpl.java:62)
	at sun.reflect.DelegatingMethodAccessorImpl.invoke(DelegatingMethodAccessorImpl.java:43)
	at java.lang.reflect.Method.invoke(Method.java:498)
	at org.junit.runners.model.FrameworkMethod$1.runReflectiveCall(FrameworkMethod.java:50)
	at org.junit.internal.runners.model.ReflectiveCallable.run(ReflectiveCallable.java:12)
	at org.junit.runners.model.FrameworkMethod.invokeExplosively(FrameworkMethod.java:47)
	at org.junit.internal.runners.statements.InvokeMethod.evaluate(InvokeMethod.java:17)
	at org.junit.runners.ParentRunner.runLeaf(ParentRunner.java:325)
	at org.junit.runners.BlockJUnit4ClassRunner.runChild(BlockJUnit4ClassRunner.java:78)
	at org.junit.runners.BlockJUnit4ClassRunner.runChild(BlockJUnit4ClassRunner.java:57)
	at org.junit.runners.ParentRunner$3.run(ParentRunner.java:290)
	at org.junit.runners.ParentRunner$1.schedule(ParentRunner.java:71)
	at org.junit.runners.ParentRunner.runChildren(ParentRunner.java:288)
	at org.junit.runners.ParentRunner.access$000(ParentRunner.java:58)
	at org.junit.runners.ParentRunner$2.evaluate(ParentRunner.java:268)
	at org.junit.runners.ParentRunner.run(ParentRunner.java:363)
	at org.junit.runner.JUnitCore.run(JUnitCore.java:137)
	at com.intellij.junit4.JUnit4IdeaTestRunner.startRunnerWithArgs(JUnit4IdeaTestRunner.java:117)
	at com.intellij.junit4.JUnit4IdeaTestRunner.startRunnerWithArgs(JUnit4IdeaTestRunner.java:42)
	at com.intellij.rt.execution.junit.JUnitStarter.prepareStreamsAndStart(JUnitStarter.java:253)
	at com.intellij.rt.execution.junit.JUnitStarter.main(JUnitStarter.java:84)
	at sun.reflect.NativeMethodAccessorImpl.invoke0(Native Method)
	at sun.reflect.NativeMethodAccessorImpl.invoke(NativeMethodAccessorImpl.java:62)
	at sun.reflect.DelegatingMethodAccessorImpl.invoke(DelegatingMethodAccessorImpl.java:43)
	at java.lang.reflect.Method.invoke(Method.java:498)
	at com.intellij.rt.execution.application.AppMain.main(AppMain.java:147)
2017-01-22 16:35:28,263 [main] [org.apache.solr.client.solrj.impl.HttpClientUtil]-[DEBUG] Creating new http client, config:maxConnections=128&maxConnectionsPerHost=32&followRedirects=false
2017-01-22 16:35:29,487 [main] [org.apache.http.impl.conn.PoolingClientConnectionManager]-[DEBUG] Connection request: [route: {}->http://127.0.0.1:8080][total kept alive: 0; route allocated: 0 of 32; total allocated: 0 of 128]
2017-01-22 16:35:29,512 [main] [org.apache.http.impl.conn.PoolingClientConnectionManager]-[DEBUG] Connection leased: [id: 0][route: {}->http://127.0.0.1:8080][total kept alive: 0; route allocated: 1 of 32; total allocated: 1 of 128]
2017-01-22 16:35:29,517 [main] [org.apache.http.impl.conn.DefaultClientConnectionOperator]-[DEBUG] Connecting to 127.0.0.1:8080
2017-01-22 16:35:29,567 [main] [org.apache.http.client.protocol.RequestAddCookies]-[DEBUG] CookieSpec selected: best-match
2017-01-22 16:35:29,589 [main] [org.apache.http.client.protocol.RequestAuthCache]-[DEBUG] Auth cache not set in the context
2017-01-22 16:35:29,591 [main] [org.apache.http.client.protocol.RequestTargetAuthentication]-[DEBUG] Target auth state: UNCHALLENGED
2017-01-22 16:35:29,609 [main] [org.apache.http.client.protocol.RequestProxyAuthentication]-[DEBUG] Proxy auth state: UNCHALLENGED
2017-01-22 16:35:29,609 [main] [org.apache.http.impl.client.SystemDefaultHttpClient]-[DEBUG] Attempt 1 to execute request
2017-01-22 16:35:29,610 [main] [org.apache.http.impl.conn.DefaultClientConnection]-[DEBUG] Sending request: POST /solr/update?wt=javabin&version=2 HTTP/1.1
2017-01-22 16:35:29,611 [main] [org.apache.http.wire]-[DEBUG]  >> "POST /solr/update?wt=javabin&version=2 HTTP/1.1[\r][\n]"
2017-01-22 16:35:29,612 [main] [org.apache.http.wire]-[DEBUG]  >> "User-Agent: Solr[org.apache.solr.client.solrj.impl.HttpSolrServer] 1.0[\r][\n]"
2017-01-22 16:35:29,613 [main] [org.apache.http.wire]-[DEBUG]  >> "Transfer-Encoding: chunked[\r][\n]"
2017-01-22 16:35:29,614 [main] [org.apache.http.wire]-[DEBUG]  >> "Content-Type: application/xml; charset=UTF-8[\r][\n]"
2017-01-22 16:35:29,614 [main] [org.apache.http.wire]-[DEBUG]  >> "Host: 127.0.0.1:8080[\r][\n]"
2017-01-22 16:35:29,614 [main] [org.apache.http.wire]-[DEBUG]  >> "Connection: Keep-Alive[\r][\n]"
2017-01-22 16:35:29,615 [main] [org.apache.http.wire]-[DEBUG]  >> "[\r][\n]"
2017-01-22 16:35:29,615 [main] [org.apache.http.headers]-[DEBUG] >> POST /solr/update?wt=javabin&version=2 HTTP/1.1
2017-01-22 16:35:29,616 [main] [org.apache.http.headers]-[DEBUG] >> User-Agent: Solr[org.apache.solr.client.solrj.impl.HttpSolrServer] 1.0
2017-01-22 16:35:29,617 [main] [org.apache.http.headers]-[DEBUG] >> Transfer-Encoding: chunked
2017-01-22 16:35:29,617 [main] [org.apache.http.headers]-[DEBUG] >> Content-Type: application/xml; charset=UTF-8
2017-01-22 16:35:29,620 [main] [org.apache.http.headers]-[DEBUG] >> Host: 127.0.0.1:8080
2017-01-22 16:35:29,620 [main] [org.apache.http.headers]-[DEBUG] >> Connection: Keep-Alive
2017-01-22 16:35:29,621 [main] [org.apache.http.wire]-[DEBUG]  >> "9a[\r][\n]"
2017-01-22 16:35:29,621 [main] [org.apache.http.wire]-[DEBUG]  >> "<add><doc boost="1.0"><field name="id">test001</field><field name="item_title">[0xe5][0x95][0x86][0xe5][0x93][0x81]2_[0xe5][0xa4][0xa7][0xe7][0x88][0xb7][0xe7][0x9a][0x84]</field><field name="item_price">54321</field></doc></add>"
2017-01-22 16:35:29,622 [main] [org.apache.http.wire]-[DEBUG]  >> "[\r][\n]"
2017-01-22 16:35:29,622 [main] [org.apache.http.wire]-[DEBUG]  >> "0[\r][\n]"
2017-01-22 16:35:29,622 [main] [org.apache.http.wire]-[DEBUG]  >> "[\r][\n]"
2017-01-22 16:35:29,631 [main] [org.apache.http.wire]-[DEBUG]  << "HTTP/1.1 404 Not Found[\r][\n]"
2017-01-22 16:35:29,644 [main] [org.apache.http.wire]-[DEBUG]  << "Server: nginx/1.10.2[\r][\n]"
2017-01-22 16:35:29,644 [main] [org.apache.http.wire]-[DEBUG]  << "Date: Sun, 22 Jan 2017 08:35:29 GMT[\r][\n]"
2017-01-22 16:35:29,645 [main] [org.apache.http.wire]-[DEBUG]  << "Content-Type: text/html[\r][\n]"
2017-01-22 16:35:29,645 [main] [org.apache.http.wire]-[DEBUG]  << "Content-Length: 169[\r][\n]"
2017-01-22 16:35:29,645 [main] [org.apache.http.wire]-[DEBUG]  << "Connection: keep-alive[\r][\n]"
2017-01-22 16:35:29,645 [main] [org.apache.http.wire]-[DEBUG]  << "[\r][\n]"
2017-01-22 16:35:29,646 [main] [org.apache.http.impl.conn.DefaultClientConnection]-[DEBUG] Receiving response: HTTP/1.1 404 Not Found
2017-01-22 16:35:29,647 [main] [org.apache.http.headers]-[DEBUG] << HTTP/1.1 404 Not Found
2017-01-22 16:35:29,648 [main] [org.apache.http.headers]-[DEBUG] << Server: nginx/1.10.2
2017-01-22 16:35:29,648 [main] [org.apache.http.headers]-[DEBUG] << Date: Sun, 22 Jan 2017 08:35:29 GMT
2017-01-22 16:35:29,649 [main] [org.apache.http.headers]-[DEBUG] << Content-Type: text/html
2017-01-22 16:35:29,649 [main] [org.apache.http.headers]-[DEBUG] << Content-Length: 169
2017-01-22 16:35:29,649 [main] [org.apache.http.headers]-[DEBUG] << Connection: keep-alive
2017-01-22 16:35:29,655 [main] [org.apache.http.impl.client.SystemDefaultHttpClient]-[DEBUG] Connection can be kept alive indefinitely
2017-01-22 16:35:29,728 [main] [org.apache.http.wire]-[DEBUG]  << "<html>[\r][\n]"
2017-01-22 16:35:29,728 [main] [org.apache.http.wire]-[DEBUG]  << "<head><title>404 Not Found</title></head>[\r][\n]"
2017-01-22 16:35:29,728 [main] [org.apache.http.wire]-[DEBUG]  << "<body bgcolor="white">[\r][\n]"
2017-01-22 16:35:29,728 [main] [org.apache.http.wire]-[DEBUG]  << "<center><h1>404 Not Found</h1></center>[\r][\n]"
2017-01-22 16:35:29,730 [main] [org.apache.http.wire]-[DEBUG]  << "<hr><center>nginx/1.10.2</center>[\r][\n]"
2017-01-22 16:35:29,731 [main] [org.apache.http.wire]-[DEBUG]  << "</body>[\r][\n]"
2017-01-22 16:35:29,731 [main] [org.apache.http.wire]-[DEBUG]  << "</html>[\r][\n]"
2017-01-22 16:35:29,732 [main] [org.apache.http.impl.conn.PoolingClientConnectionManager]-[DEBUG] Connection [id: 0][route: {}->http://127.0.0.1:8080] can be kept alive indefinitely
2017-01-22 16:35:29,735 [main] [org.apache.http.impl.conn.PoolingClientConnectionManager]-[DEBUG] Connection released: [id: 0][route: {}->http://127.0.0.1:8080][total kept alive: 1; route allocated: 1 of 32; total allocated: 1 of 128]
2017-01-22 16:35:47,500 [main] [org.apache.solr.client.solrj.impl.HttpClientUtil]-[DEBUG] Creating new http client, config:maxConnections=128&maxConnectionsPerHost=32&followRedirects=false
2017-01-22 16:35:48,146 [main] [org.apache.http.impl.conn.PoolingClientConnectionManager]-[DEBUG] Connection request: [route: {}->http://127.0.0.1:8080][total kept alive: 0; route allocated: 0 of 32; total allocated: 0 of 128]
2017-01-22 16:35:48,163 [main] [org.apache.http.impl.conn.PoolingClientConnectionManager]-[DEBUG] Connection leased: [id: 0][route: {}->http://127.0.0.1:8080][total kept alive: 0; route allocated: 1 of 32; total allocated: 1 of 128]
2017-01-22 16:35:48,165 [main] [org.apache.http.impl.conn.DefaultClientConnectionOperator]-[DEBUG] Connecting to 127.0.0.1:8080
2017-01-22 16:35:48,202 [main] [org.apache.http.client.protocol.RequestAddCookies]-[DEBUG] CookieSpec selected: best-match
2017-01-22 16:35:48,220 [main] [org.apache.http.client.protocol.RequestAuthCache]-[DEBUG] Auth cache not set in the context
2017-01-22 16:35:48,220 [main] [org.apache.http.client.protocol.RequestTargetAuthentication]-[DEBUG] Target auth state: UNCHALLENGED
2017-01-22 16:35:48,221 [main] [org.apache.http.client.protocol.RequestProxyAuthentication]-[DEBUG] Proxy auth state: UNCHALLENGED
2017-01-22 16:35:48,221 [main] [org.apache.http.impl.client.SystemDefaultHttpClient]-[DEBUG] Attempt 1 to execute request
2017-01-22 16:35:48,223 [main] [org.apache.http.impl.conn.DefaultClientConnection]-[DEBUG] Sending request: POST /solr/update?wt=javabin&version=2 HTTP/1.1
2017-01-22 16:35:48,226 [main] [org.apache.http.wire]-[DEBUG]  >> "POST /solr/update?wt=javabin&version=2 HTTP/1.1[\r][\n]"
2017-01-22 16:35:48,227 [main] [org.apache.http.wire]-[DEBUG]  >> "User-Agent: Solr[org.apache.solr.client.solrj.impl.HttpSolrServer] 1.0[\r][\n]"
2017-01-22 16:35:48,228 [main] [org.apache.http.wire]-[DEBUG]  >> "Transfer-Encoding: chunked[\r][\n]"
2017-01-22 16:35:48,229 [main] [org.apache.http.wire]-[DEBUG]  >> "Content-Type: application/xml; charset=UTF-8[\r][\n]"
2017-01-22 16:35:48,236 [main] [org.apache.http.wire]-[DEBUG]  >> "Host: 127.0.0.1:8080[\r][\n]"
2017-01-22 16:35:48,237 [main] [org.apache.http.wire]-[DEBUG]  >> "Connection: Keep-Alive[\r][\n]"
2017-01-22 16:35:48,237 [main] [org.apache.http.wire]-[DEBUG]  >> "[\r][\n]"
2017-01-22 16:35:48,237 [main] [org.apache.http.headers]-[DEBUG] >> POST /solr/update?wt=javabin&version=2 HTTP/1.1
2017-01-22 16:35:48,237 [main] [org.apache.http.headers]-[DEBUG] >> User-Agent: Solr[org.apache.solr.client.solrj.impl.HttpSolrServer] 1.0
2017-01-22 16:35:48,237 [main] [org.apache.http.headers]-[DEBUG] >> Transfer-Encoding: chunked
2017-01-22 16:35:48,237 [main] [org.apache.http.headers]-[DEBUG] >> Content-Type: application/xml; charset=UTF-8
2017-01-22 16:35:48,239 [main] [org.apache.http.headers]-[DEBUG] >> Host: 127.0.0.1:8080
2017-01-22 16:35:48,243 [main] [org.apache.http.headers]-[DEBUG] >> Connection: Keep-Alive
2017-01-22 16:35:48,243 [main] [org.apache.http.wire]-[DEBUG]  >> "9a[\r][\n]"
2017-01-22 16:35:48,243 [main] [org.apache.http.wire]-[DEBUG]  >> "<add><doc boost="1.0"><field name="id">test001</field><field name="item_title">[0xe5][0x95][0x86][0xe5][0x93][0x81]2_[0xe5][0xa4][0xa7][0xe7][0x88][0xb7][0xe7][0x9a][0x84]</field><field name="item_price">54321</field></doc></add>"
2017-01-22 16:35:48,244 [main] [org.apache.http.wire]-[DEBUG]  >> "[\r][\n]"
2017-01-22 16:35:48,244 [main] [org.apache.http.wire]-[DEBUG]  >> "0[\r][\n]"
2017-01-22 16:35:48,244 [main] [org.apache.http.wire]-[DEBUG]  >> "[\r][\n]"
2017-01-22 16:35:48,246 [main] [org.apache.http.wire]-[DEBUG]  << "HTTP/1.1 404 Not Found[\r][\n]"
2017-01-22 16:35:48,254 [main] [org.apache.http.wire]-[DEBUG]  << "Server: nginx/1.10.2[\r][\n]"
2017-01-22 16:35:48,254 [main] [org.apache.http.wire]-[DEBUG]  << "Date: Sun, 22 Jan 2017 08:35:48 GMT[\r][\n]"
2017-01-22 16:35:48,254 [main] [org.apache.http.wire]-[DEBUG]  << "Content-Type: text/html[\r][\n]"
2017-01-22 16:35:48,254 [main] [org.apache.http.wire]-[DEBUG]  << "Content-Length: 169[\r][\n]"
2017-01-22 16:35:48,255 [main] [org.apache.http.wire]-[DEBUG]  << "Connection: keep-alive[\r][\n]"
2017-01-22 16:35:48,255 [main] [org.apache.http.wire]-[DEBUG]  << "[\r][\n]"
2017-01-22 16:35:48,256 [main] [org.apache.http.impl.conn.DefaultClientConnection]-[DEBUG] Receiving response: HTTP/1.1 404 Not Found
2017-01-22 16:35:48,256 [main] [org.apache.http.headers]-[DEBUG] << HTTP/1.1 404 Not Found
2017-01-22 16:35:48,256 [main] [org.apache.http.headers]-[DEBUG] << Server: nginx/1.10.2
2017-01-22 16:35:48,256 [main] [org.apache.http.headers]-[DEBUG] << Date: Sun, 22 Jan 2017 08:35:48 GMT
2017-01-22 16:35:48,256 [main] [org.apache.http.headers]-[DEBUG] << Content-Type: text/html
2017-01-22 16:35:48,256 [main] [org.apache.http.headers]-[DEBUG] << Content-Length: 169
2017-01-22 16:35:48,257 [main] [org.apache.http.headers]-[DEBUG] << Connection: keep-alive
2017-01-22 16:35:48,268 [main] [org.apache.http.impl.client.SystemDefaultHttpClient]-[DEBUG] Connection can be kept alive indefinitely
2017-01-22 16:35:48,290 [main] [org.apache.http.wire]-[DEBUG]  << "<html>[\r][\n]"
2017-01-22 16:35:48,290 [main] [org.apache.http.wire]-[DEBUG]  << "<head><title>404 Not Found</title></head>[\r][\n]"
2017-01-22 16:35:48,295 [main] [org.apache.http.wire]-[DEBUG]  << "<body bgcolor="white">[\r][\n]"
2017-01-22 16:35:48,295 [main] [org.apache.http.wire]-[DEBUG]  << "<center><h1>404 Not Found</h1></center>[\r][\n]"
2017-01-22 16:35:48,295 [main] [org.apache.http.wire]-[DEBUG]  << "<hr><center>nginx/1.10.2</center>[\r][\n]"
2017-01-22 16:35:48,296 [main] [org.apache.http.wire]-[DEBUG]  << "</body>[\r][\n]"
2017-01-22 16:35:48,297 [main] [org.apache.http.wire]-[DEBUG]  << "</html>[\r][\n]"
2017-01-22 16:35:48,298 [main] [org.apache.http.impl.conn.PoolingClientConnectionManager]-[DEBUG] Connection [id: 0][route: {}->http://127.0.0.1:8080] can be kept alive indefinitely
2017-01-22 16:35:48,298 [main] [org.apache.http.impl.conn.PoolingClientConnectionManager]-[DEBUG] Connection released: [id: 0][route: {}->http://127.0.0.1:8080][total kept alive: 1; route allocated: 1 of 32; total allocated: 1 of 128]
2017-01-22 16:37:04,645 [main] [org.apache.solr.client.solrj.impl.HttpClientUtil]-[DEBUG] Creating new http client, config:maxConnections=128&maxConnectionsPerHost=32&followRedirects=false
2017-01-22 16:37:05,538 [main] [org.apache.http.impl.conn.PoolingClientConnectionManager]-[DEBUG] Connection request: [route: {}->http://localhost:8080][total kept alive: 0; route allocated: 0 of 32; total allocated: 0 of 128]
2017-01-22 16:37:05,568 [main] [org.apache.http.impl.conn.PoolingClientConnectionManager]-[DEBUG] Connection leased: [id: 0][route: {}->http://localhost:8080][total kept alive: 0; route allocated: 1 of 32; total allocated: 1 of 128]
2017-01-22 16:37:05,576 [main] [org.apache.http.impl.conn.DefaultClientConnectionOperator]-[DEBUG] Connecting to localhost:8080
2017-01-22 16:37:05,622 [main] [org.apache.http.client.protocol.RequestAddCookies]-[DEBUG] CookieSpec selected: best-match
2017-01-22 16:37:05,659 [main] [org.apache.http.client.protocol.RequestAuthCache]-[DEBUG] Auth cache not set in the context
2017-01-22 16:37:05,660 [main] [org.apache.http.client.protocol.RequestTargetAuthentication]-[DEBUG] Target auth state: UNCHALLENGED
2017-01-22 16:37:05,662 [main] [org.apache.http.client.protocol.RequestProxyAuthentication]-[DEBUG] Proxy auth state: UNCHALLENGED
2017-01-22 16:37:05,663 [main] [org.apache.http.impl.client.SystemDefaultHttpClient]-[DEBUG] Attempt 1 to execute request
2017-01-22 16:37:05,663 [main] [org.apache.http.impl.conn.DefaultClientConnection]-[DEBUG] Sending request: POST /solr/update?wt=javabin&version=2 HTTP/1.1
2017-01-22 16:37:05,664 [main] [org.apache.http.wire]-[DEBUG]  >> "POST /solr/update?wt=javabin&version=2 HTTP/1.1[\r][\n]"
2017-01-22 16:37:05,666 [main] [org.apache.http.wire]-[DEBUG]  >> "User-Agent: Solr[org.apache.solr.client.solrj.impl.HttpSolrServer] 1.0[\r][\n]"
2017-01-22 16:37:05,667 [main] [org.apache.http.wire]-[DEBUG]  >> "Transfer-Encoding: chunked[\r][\n]"
2017-01-22 16:37:05,667 [main] [org.apache.http.wire]-[DEBUG]  >> "Content-Type: application/xml; charset=UTF-8[\r][\n]"
2017-01-22 16:37:05,667 [main] [org.apache.http.wire]-[DEBUG]  >> "Host: localhost:8080[\r][\n]"
2017-01-22 16:37:05,667 [main] [org.apache.http.wire]-[DEBUG]  >> "Connection: Keep-Alive[\r][\n]"
2017-01-22 16:37:05,668 [main] [org.apache.http.wire]-[DEBUG]  >> "[\r][\n]"
2017-01-22 16:37:05,668 [main] [org.apache.http.headers]-[DEBUG] >> POST /solr/update?wt=javabin&version=2 HTTP/1.1
2017-01-22 16:37:05,668 [main] [org.apache.http.headers]-[DEBUG] >> User-Agent: Solr[org.apache.solr.client.solrj.impl.HttpSolrServer] 1.0
2017-01-22 16:37:05,668 [main] [org.apache.http.headers]-[DEBUG] >> Transfer-Encoding: chunked
2017-01-22 16:37:05,668 [main] [org.apache.http.headers]-[DEBUG] >> Content-Type: application/xml; charset=UTF-8
2017-01-22 16:37:05,669 [main] [org.apache.http.headers]-[DEBUG] >> Host: localhost:8080
2017-01-22 16:37:05,669 [main] [org.apache.http.headers]-[DEBUG] >> Connection: Keep-Alive
2017-01-22 16:37:05,670 [main] [org.apache.http.wire]-[DEBUG]  >> "9a[\r][\n]"
2017-01-22 16:37:05,670 [main] [org.apache.http.wire]-[DEBUG]  >> "<add><doc boost="1.0"><field name="id">test001</field><field name="item_title">[0xe5][0x95][0x86][0xe5][0x93][0x81]2_[0xe5][0xa4][0xa7][0xe7][0x88][0xb7][0xe7][0x9a][0x84]</field><field name="item_price">54321</field></doc></add>"
2017-01-22 16:37:05,671 [main] [org.apache.http.wire]-[DEBUG]  >> "[\r][\n]"
2017-01-22 16:37:05,671 [main] [org.apache.http.wire]-[DEBUG]  >> "0[\r][\n]"
2017-01-22 16:37:05,671 [main] [org.apache.http.wire]-[DEBUG]  >> "[\r][\n]"
2017-01-22 16:37:05,675 [main] [org.apache.http.wire]-[DEBUG]  << "HTTP/1.1 404 Not Found[\r][\n]"
2017-01-22 16:37:05,681 [main] [org.apache.http.wire]-[DEBUG]  << "Server: nginx/1.10.2[\r][\n]"
2017-01-22 16:37:05,682 [main] [org.apache.http.wire]-[DEBUG]  << "Date: Sun, 22 Jan 2017 08:37:05 GMT[\r][\n]"
2017-01-22 16:37:05,683 [main] [org.apache.http.wire]-[DEBUG]  << "Content-Type: text/html[\r][\n]"
2017-01-22 16:37:05,683 [main] [org.apache.http.wire]-[DEBUG]  << "Content-Length: 169[\r][\n]"
2017-01-22 16:37:05,683 [main] [org.apache.http.wire]-[DEBUG]  << "Connection: keep-alive[\r][\n]"
2017-01-22 16:37:05,683 [main] [org.apache.http.wire]-[DEBUG]  << "[\r][\n]"
2017-01-22 16:37:05,685 [main] [org.apache.http.impl.conn.DefaultClientConnection]-[DEBUG] Receiving response: HTTP/1.1 404 Not Found
2017-01-22 16:37:05,686 [main] [org.apache.http.headers]-[DEBUG] << HTTP/1.1 404 Not Found
2017-01-22 16:37:05,686 [main] [org.apache.http.headers]-[DEBUG] << Server: nginx/1.10.2
2017-01-22 16:37:05,693 [main] [org.apache.http.headers]-[DEBUG] << Date: Sun, 22 Jan 2017 08:37:05 GMT
2017-01-22 16:37:05,694 [main] [org.apache.http.headers]-[DEBUG] << Content-Type: text/html
2017-01-22 16:37:05,694 [main] [org.apache.http.headers]-[DEBUG] << Content-Length: 169
2017-01-22 16:37:05,695 [main] [org.apache.http.headers]-[DEBUG] << Connection: keep-alive
2017-01-22 16:37:05,708 [main] [org.apache.http.impl.client.SystemDefaultHttpClient]-[DEBUG] Connection can be kept alive indefinitely
2017-01-22 16:37:05,766 [main] [org.apache.http.wire]-[DEBUG]  << "<html>[\r][\n]"
2017-01-22 16:37:05,767 [main] [org.apache.http.wire]-[DEBUG]  << "<head><title>404 Not Found</title></head>[\r][\n]"
2017-01-22 16:37:05,767 [main] [org.apache.http.wire]-[DEBUG]  << "<body bgcolor="white">[\r][\n]"
2017-01-22 16:37:05,767 [main] [org.apache.http.wire]-[DEBUG]  << "<center><h1>404 Not Found</h1></center>[\r][\n]"
2017-01-22 16:37:05,767 [main] [org.apache.http.wire]-[DEBUG]  << "<hr><center>nginx/1.10.2</center>[\r][\n]"
2017-01-22 16:37:05,767 [main] [org.apache.http.wire]-[DEBUG]  << "</body>[\r][\n]"
2017-01-22 16:37:05,767 [main] [org.apache.http.wire]-[DEBUG]  << "</html>[\r][\n]"
2017-01-22 16:37:05,768 [main] [org.apache.http.impl.conn.PoolingClientConnectionManager]-[DEBUG] Connection [id: 0][route: {}->http://localhost:8080] can be kept alive indefinitely
2017-01-22 16:37:05,768 [main] [org.apache.http.impl.conn.PoolingClientConnectionManager]-[DEBUG] Connection released: [id: 0][route: {}->http://localhost:8080][total kept alive: 1; route allocated: 1 of 32; total allocated: 1 of 128]
2017-01-22 16:37:33,877 [main] [org.apache.solr.client.solrj.impl.HttpClientUtil]-[DEBUG] Creating new http client, config:maxConnections=128&maxConnectionsPerHost=32&followRedirects=false
2017-01-22 16:37:34,561 [main] [org.apache.http.impl.conn.PoolingClientConnectionManager]-[DEBUG] Connection request: [route: {}->http://localhost:8080][total kept alive: 0; route allocated: 0 of 32; total allocated: 0 of 128]
2017-01-22 16:37:34,601 [main] [org.apache.http.impl.conn.PoolingClientConnectionManager]-[DEBUG] Connection leased: [id: 0][route: {}->http://localhost:8080][total kept alive: 0; route allocated: 1 of 32; total allocated: 1 of 128]
2017-01-22 16:37:34,610 [main] [org.apache.http.impl.conn.DefaultClientConnectionOperator]-[DEBUG] Connecting to localhost:8080
2017-01-22 16:37:34,750 [main] [org.apache.http.client.protocol.RequestAddCookies]-[DEBUG] CookieSpec selected: best-match
2017-01-22 16:37:34,875 [main] [org.apache.http.client.protocol.RequestAuthCache]-[DEBUG] Auth cache not set in the context
2017-01-22 16:37:34,875 [main] [org.apache.http.client.protocol.RequestTargetAuthentication]-[DEBUG] Target auth state: UNCHALLENGED
2017-01-22 16:37:34,877 [main] [org.apache.http.client.protocol.RequestProxyAuthentication]-[DEBUG] Proxy auth state: UNCHALLENGED
2017-01-22 16:37:34,877 [main] [org.apache.http.impl.client.SystemDefaultHttpClient]-[DEBUG] Attempt 1 to execute request
2017-01-22 16:37:34,877 [main] [org.apache.http.impl.conn.DefaultClientConnection]-[DEBUG] Sending request: POST /solr/update?wt=javabin&version=2 HTTP/1.1
2017-01-22 16:37:34,881 [main] [org.apache.http.wire]-[DEBUG]  >> "POST /solr/update?wt=javabin&version=2 HTTP/1.1[\r][\n]"
2017-01-22 16:37:34,884 [main] [org.apache.http.wire]-[DEBUG]  >> "User-Agent: Solr[org.apache.solr.client.solrj.impl.HttpSolrServer] 1.0[\r][\n]"
2017-01-22 16:37:34,885 [main] [org.apache.http.wire]-[DEBUG]  >> "Transfer-Encoding: chunked[\r][\n]"
2017-01-22 16:37:34,885 [main] [org.apache.http.wire]-[DEBUG]  >> "Content-Type: application/xml; charset=UTF-8[\r][\n]"
2017-01-22 16:37:34,885 [main] [org.apache.http.wire]-[DEBUG]  >> "Host: localhost:8080[\r][\n]"
2017-01-22 16:37:34,885 [main] [org.apache.http.wire]-[DEBUG]  >> "Connection: Keep-Alive[\r][\n]"
2017-01-22 16:37:34,886 [main] [org.apache.http.wire]-[DEBUG]  >> "[\r][\n]"
2017-01-22 16:37:34,886 [main] [org.apache.http.headers]-[DEBUG] >> POST /solr/update?wt=javabin&version=2 HTTP/1.1
2017-01-22 16:37:34,886 [main] [org.apache.http.headers]-[DEBUG] >> User-Agent: Solr[org.apache.solr.client.solrj.impl.HttpSolrServer] 1.0
2017-01-22 16:37:34,889 [main] [org.apache.http.headers]-[DEBUG] >> Transfer-Encoding: chunked
2017-01-22 16:37:34,889 [main] [org.apache.http.headers]-[DEBUG] >> Content-Type: application/xml; charset=UTF-8
2017-01-22 16:37:34,890 [main] [org.apache.http.headers]-[DEBUG] >> Host: localhost:8080
2017-01-22 16:37:34,890 [main] [org.apache.http.headers]-[DEBUG] >> Connection: Keep-Alive
2017-01-22 16:37:34,891 [main] [org.apache.http.wire]-[DEBUG]  >> "9a[\r][\n]"
2017-01-22 16:37:34,891 [main] [org.apache.http.wire]-[DEBUG]  >> "<add><doc boost="1.0"><field name="id">test001</field><field name="item_title">[0xe5][0x95][0x86][0xe5][0x93][0x81]2_[0xe5][0xa4][0xa7][0xe7][0x88][0xb7][0xe7][0x9a][0x84]</field><field name="item_price">54321</field></doc></add>"
2017-01-22 16:37:34,892 [main] [org.apache.http.wire]-[DEBUG]  >> "[\r][\n]"
2017-01-22 16:37:34,892 [main] [org.apache.http.wire]-[DEBUG]  >> "0[\r][\n]"
2017-01-22 16:37:34,908 [main] [org.apache.http.wire]-[DEBUG]  >> "[\r][\n]"
2017-01-22 16:37:34,912 [main] [org.apache.http.wire]-[DEBUG]  << "HTTP/1.1 404 Not Found[\r][\n]"
2017-01-22 16:37:34,914 [main] [org.apache.http.wire]-[DEBUG]  << "Server: nginx/1.10.2[\r][\n]"
2017-01-22 16:37:34,916 [main] [org.apache.http.wire]-[DEBUG]  << "Date: Sun, 22 Jan 2017 08:37:34 GMT[\r][\n]"
2017-01-22 16:37:34,918 [main] [org.apache.http.wire]-[DEBUG]  << "Content-Type: text/html[\r][\n]"
2017-01-22 16:37:34,918 [main] [org.apache.http.wire]-[DEBUG]  << "Content-Length: 169[\r][\n]"
2017-01-22 16:37:34,918 [main] [org.apache.http.wire]-[DEBUG]  << "Connection: keep-alive[\r][\n]"
2017-01-22 16:37:34,919 [main] [org.apache.http.wire]-[DEBUG]  << "[\r][\n]"
2017-01-22 16:37:34,920 [main] [org.apache.http.impl.conn.DefaultClientConnection]-[DEBUG] Receiving response: HTTP/1.1 404 Not Found
2017-01-22 16:37:34,926 [main] [org.apache.http.headers]-[DEBUG] << HTTP/1.1 404 Not Found
2017-01-22 16:37:34,926 [main] [org.apache.http.headers]-[DEBUG] << Server: nginx/1.10.2
2017-01-22 16:37:34,927 [main] [org.apache.http.headers]-[DEBUG] << Date: Sun, 22 Jan 2017 08:37:34 GMT
2017-01-22 16:37:34,927 [main] [org.apache.http.headers]-[DEBUG] << Content-Type: text/html
2017-01-22 16:37:34,927 [main] [org.apache.http.headers]-[DEBUG] << Content-Length: 169
2017-01-22 16:37:34,927 [main] [org.apache.http.headers]-[DEBUG] << Connection: keep-alive
2017-01-22 16:37:34,933 [main] [org.apache.http.impl.client.SystemDefaultHttpClient]-[DEBUG] Connection can be kept alive indefinitely
2017-01-22 16:37:34,961 [main] [org.apache.http.wire]-[DEBUG]  << "<html>[\r][\n]"
2017-01-22 16:37:34,961 [main] [org.apache.http.wire]-[DEBUG]  << "<head><title>404 Not Found</title></head>[\r][\n]"
2017-01-22 16:37:34,961 [main] [org.apache.http.wire]-[DEBUG]  << "<body bgcolor="white">[\r][\n]"
2017-01-22 16:37:34,962 [main] [org.apache.http.wire]-[DEBUG]  << "<center><h1>404 Not Found</h1></center>[\r][\n]"
2017-01-22 16:37:34,962 [main] [org.apache.http.wire]-[DEBUG]  << "<hr><center>nginx/1.10.2</center>[\r][\n]"
2017-01-22 16:37:34,962 [main] [org.apache.http.wire]-[DEBUG]  << "</body>[\r][\n]"
2017-01-22 16:37:34,962 [main] [org.apache.http.wire]-[DEBUG]  << "</html>[\r][\n]"
2017-01-22 16:37:34,962 [main] [org.apache.http.impl.conn.PoolingClientConnectionManager]-[DEBUG] Connection [id: 0][route: {}->http://localhost:8080] can be kept alive indefinitely
2017-01-22 16:37:34,963 [main] [org.apache.http.impl.conn.PoolingClientConnectionManager]-[DEBUG] Connection released: [id: 0][route: {}->http://localhost:8080][total kept alive: 1; route allocated: 1 of 32; total allocated: 1 of 128]
2017-01-22 16:38:39,295 [main] [org.apache.solr.client.solrj.impl.HttpClientUtil]-[DEBUG] Creating new http client, config:maxConnections=128&maxConnectionsPerHost=32&followRedirects=false
2017-01-22 16:38:40,401 [main] [org.apache.http.impl.conn.PoolingClientConnectionManager]-[DEBUG] Connection request: [route: {}->http://localhost:8080][total kept alive: 0; route allocated: 0 of 32; total allocated: 0 of 128]
2017-01-22 16:38:40,430 [main] [org.apache.http.impl.conn.PoolingClientConnectionManager]-[DEBUG] Connection leased: [id: 0][route: {}->http://localhost:8080][total kept alive: 0; route allocated: 1 of 32; total allocated: 1 of 128]
2017-01-22 16:38:40,437 [main] [org.apache.http.impl.conn.DefaultClientConnectionOperator]-[DEBUG] Connecting to localhost:8080
2017-01-22 16:38:40,522 [main] [org.apache.http.client.protocol.RequestAddCookies]-[DEBUG] CookieSpec selected: best-match
2017-01-22 16:38:40,541 [main] [org.apache.http.client.protocol.RequestAuthCache]-[DEBUG] Auth cache not set in the context
2017-01-22 16:38:40,542 [main] [org.apache.http.client.protocol.RequestTargetAuthentication]-[DEBUG] Target auth state: UNCHALLENGED
2017-01-22 16:38:40,545 [main] [org.apache.http.client.protocol.RequestProxyAuthentication]-[DEBUG] Proxy auth state: UNCHALLENGED
2017-01-22 16:38:40,545 [main] [org.apache.http.impl.client.SystemDefaultHttpClient]-[DEBUG] Attempt 1 to execute request
2017-01-22 16:38:40,545 [main] [org.apache.http.impl.conn.DefaultClientConnection]-[DEBUG] Sending request: POST /solr/update?wt=javabin&version=2 HTTP/1.1
2017-01-22 16:38:40,547 [main] [org.apache.http.wire]-[DEBUG]  >> "POST /solr/update?wt=javabin&version=2 HTTP/1.1[\r][\n]"
2017-01-22 16:38:40,549 [main] [org.apache.http.wire]-[DEBUG]  >> "User-Agent: Solr[org.apache.solr.client.solrj.impl.HttpSolrServer] 1.0[\r][\n]"
2017-01-22 16:38:40,550 [main] [org.apache.http.wire]-[DEBUG]  >> "Transfer-Encoding: chunked[\r][\n]"
2017-01-22 16:38:40,551 [main] [org.apache.http.wire]-[DEBUG]  >> "Content-Type: application/xml; charset=UTF-8[\r][\n]"
2017-01-22 16:38:40,551 [main] [org.apache.http.wire]-[DEBUG]  >> "Host: localhost:8080[\r][\n]"
2017-01-22 16:38:40,551 [main] [org.apache.http.wire]-[DEBUG]  >> "Connection: Keep-Alive[\r][\n]"
2017-01-22 16:38:40,551 [main] [org.apache.http.wire]-[DEBUG]  >> "[\r][\n]"
2017-01-22 16:38:40,552 [main] [org.apache.http.headers]-[DEBUG] >> POST /solr/update?wt=javabin&version=2 HTTP/1.1
2017-01-22 16:38:40,552 [main] [org.apache.http.headers]-[DEBUG] >> User-Agent: Solr[org.apache.solr.client.solrj.impl.HttpSolrServer] 1.0
2017-01-22 16:38:40,552 [main] [org.apache.http.headers]-[DEBUG] >> Transfer-Encoding: chunked
2017-01-22 16:38:40,552 [main] [org.apache.http.headers]-[DEBUG] >> Content-Type: application/xml; charset=UTF-8
2017-01-22 16:38:40,552 [main] [org.apache.http.headers]-[DEBUG] >> Host: localhost:8080
2017-01-22 16:38:40,552 [main] [org.apache.http.headers]-[DEBUG] >> Connection: Keep-Alive
2017-01-22 16:38:40,553 [main] [org.apache.http.wire]-[DEBUG]  >> "9a[\r][\n]"
2017-01-22 16:38:40,557 [main] [org.apache.http.wire]-[DEBUG]  >> "<add><doc boost="1.0"><field name="id">test001</field><field name="item_title">[0xe5][0x95][0x86][0xe5][0x93][0x81]2_[0xe5][0xa4][0xa7][0xe7][0x88][0xb7][0xe7][0x9a][0x84]</field><field name="item_price">54321</field></doc></add>"
2017-01-22 16:38:40,557 [main] [org.apache.http.wire]-[DEBUG]  >> "[\r][\n]"
2017-01-22 16:38:40,557 [main] [org.apache.http.wire]-[DEBUG]  >> "0[\r][\n]"
2017-01-22 16:38:40,557 [main] [org.apache.http.wire]-[DEBUG]  >> "[\r][\n]"
2017-01-22 16:38:40,559 [main] [org.apache.http.wire]-[DEBUG]  << "HTTP/1.1 404 Not Found[\r][\n]"
2017-01-22 16:38:40,562 [main] [org.apache.http.wire]-[DEBUG]  << "Server: nginx/1.10.2[\r][\n]"
2017-01-22 16:38:40,562 [main] [org.apache.http.wire]-[DEBUG]  << "Date: Sun, 22 Jan 2017 08:38:40 GMT[\r][\n]"
2017-01-22 16:38:40,563 [main] [org.apache.http.wire]-[DEBUG]  << "Content-Type: text/html[\r][\n]"
2017-01-22 16:38:40,563 [main] [org.apache.http.wire]-[DEBUG]  << "Content-Length: 169[\r][\n]"
2017-01-22 16:38:40,564 [main] [org.apache.http.wire]-[DEBUG]  << "Connection: keep-alive[\r][\n]"
2017-01-22 16:38:40,564 [main] [org.apache.http.wire]-[DEBUG]  << "[\r][\n]"
2017-01-22 16:38:40,569 [main] [org.apache.http.impl.conn.DefaultClientConnection]-[DEBUG] Receiving response: HTTP/1.1 404 Not Found
2017-01-22 16:38:40,570 [main] [org.apache.http.headers]-[DEBUG] << HTTP/1.1 404 Not Found
2017-01-22 16:38:40,570 [main] [org.apache.http.headers]-[DEBUG] << Server: nginx/1.10.2
2017-01-22 16:38:40,571 [main] [org.apache.http.headers]-[DEBUG] << Date: Sun, 22 Jan 2017 08:38:40 GMT
2017-01-22 16:38:40,571 [main] [org.apache.http.headers]-[DEBUG] << Content-Type: text/html
2017-01-22 16:38:40,571 [main] [org.apache.http.headers]-[DEBUG] << Content-Length: 169
2017-01-22 16:38:40,571 [main] [org.apache.http.headers]-[DEBUG] << Connection: keep-alive
2017-01-22 16:38:40,578 [main] [org.apache.http.impl.client.SystemDefaultHttpClient]-[DEBUG] Connection can be kept alive indefinitely
2017-01-22 16:38:40,608 [main] [org.apache.http.wire]-[DEBUG]  << "<html>[\r][\n]"
2017-01-22 16:38:40,609 [main] [org.apache.http.wire]-[DEBUG]  << "<head><title>404 Not Found</title></head>[\r][\n]"
2017-01-22 16:38:40,609 [main] [org.apache.http.wire]-[DEBUG]  << "<body bgcolor="white">[\r][\n]"
2017-01-22 16:38:40,609 [main] [org.apache.http.wire]-[DEBUG]  << "<center><h1>404 Not Found</h1></center>[\r][\n]"
2017-01-22 16:38:40,609 [main] [org.apache.http.wire]-[DEBUG]  << "<hr><center>nginx/1.10.2</center>[\r][\n]"
2017-01-22 16:38:40,609 [main] [org.apache.http.wire]-[DEBUG]  << "</body>[\r][\n]"
2017-01-22 16:38:40,609 [main] [org.apache.http.wire]-[DEBUG]  << "</html>[\r][\n]"
2017-01-22 16:38:40,610 [main] [org.apache.http.impl.conn.PoolingClientConnectionManager]-[DEBUG] Connection [id: 0][route: {}->http://localhost:8080] can be kept alive indefinitely
2017-01-22 16:38:40,610 [main] [org.apache.http.impl.conn.PoolingClientConnectionManager]-[DEBUG] Connection released: [id: 0][route: {}->http://localhost:8080][total kept alive: 1; route allocated: 1 of 32; total allocated: 1 of 128]
2017-01-22 16:41:38,464 [main] [org.apache.solr.client.solrj.impl.HttpClientUtil]-[DEBUG] Creating new http client, config:maxConnections=128&maxConnectionsPerHost=32&followRedirects=false
2017-01-22 16:41:39,251 [main] [org.apache.http.impl.conn.PoolingClientConnectionManager]-[DEBUG] Connection request: [route: {}->http://localhost:8080][total kept alive: 0; route allocated: 0 of 32; total allocated: 0 of 128]
2017-01-22 16:41:39,283 [main] [org.apache.http.impl.conn.PoolingClientConnectionManager]-[DEBUG] Connection leased: [id: 0][route: {}->http://localhost:8080][total kept alive: 0; route allocated: 1 of 32; total allocated: 1 of 128]
2017-01-22 16:41:39,292 [main] [org.apache.http.impl.conn.DefaultClientConnectionOperator]-[DEBUG] Connecting to localhost:8080
2017-01-22 16:41:39,329 [main] [org.apache.http.client.protocol.RequestAddCookies]-[DEBUG] CookieSpec selected: best-match
2017-01-22 16:41:39,345 [main] [org.apache.http.client.protocol.RequestAuthCache]-[DEBUG] Auth cache not set in the context
2017-01-22 16:41:39,346 [main] [org.apache.http.client.protocol.RequestTargetAuthentication]-[DEBUG] Target auth state: UNCHALLENGED
2017-01-22 16:41:39,349 [main] [org.apache.http.client.protocol.RequestProxyAuthentication]-[DEBUG] Proxy auth state: UNCHALLENGED
2017-01-22 16:41:39,350 [main] [org.apache.http.impl.client.SystemDefaultHttpClient]-[DEBUG] Attempt 1 to execute request
2017-01-22 16:41:39,350 [main] [org.apache.http.impl.conn.DefaultClientConnection]-[DEBUG] Sending request: POST /solr/update?wt=javabin&version=2 HTTP/1.1
2017-01-22 16:41:39,351 [main] [org.apache.http.wire]-[DEBUG]  >> "POST /solr/update?wt=javabin&version=2 HTTP/1.1[\r][\n]"
2017-01-22 16:41:39,352 [main] [org.apache.http.wire]-[DEBUG]  >> "User-Agent: Solr[org.apache.solr.client.solrj.impl.HttpSolrServer] 1.0[\r][\n]"
2017-01-22 16:41:39,353 [main] [org.apache.http.wire]-[DEBUG]  >> "Transfer-Encoding: chunked[\r][\n]"
2017-01-22 16:41:39,353 [main] [org.apache.http.wire]-[DEBUG]  >> "Content-Type: application/xml; charset=UTF-8[\r][\n]"
2017-01-22 16:41:39,353 [main] [org.apache.http.wire]-[DEBUG]  >> "Host: localhost:8080[\r][\n]"
2017-01-22 16:41:39,353 [main] [org.apache.http.wire]-[DEBUG]  >> "Connection: Keep-Alive[\r][\n]"
2017-01-22 16:41:39,354 [main] [org.apache.http.wire]-[DEBUG]  >> "[\r][\n]"
2017-01-22 16:41:39,354 [main] [org.apache.http.headers]-[DEBUG] >> POST /solr/update?wt=javabin&version=2 HTTP/1.1
2017-01-22 16:41:39,354 [main] [org.apache.http.headers]-[DEBUG] >> User-Agent: Solr[org.apache.solr.client.solrj.impl.HttpSolrServer] 1.0
2017-01-22 16:41:39,355 [main] [org.apache.http.headers]-[DEBUG] >> Transfer-Encoding: chunked
2017-01-22 16:41:39,355 [main] [org.apache.http.headers]-[DEBUG] >> Content-Type: application/xml; charset=UTF-8
2017-01-22 16:41:39,355 [main] [org.apache.http.headers]-[DEBUG] >> Host: localhost:8080
2017-01-22 16:41:39,355 [main] [org.apache.http.headers]-[DEBUG] >> Connection: Keep-Alive
2017-01-22 16:41:39,356 [main] [org.apache.http.wire]-[DEBUG]  >> "9a[\r][\n]"
2017-01-22 16:41:39,356 [main] [org.apache.http.wire]-[DEBUG]  >> "<add><doc boost="1.0"><field name="id">test001</field><field name="item_title">[0xe5][0x95][0x86][0xe5][0x93][0x81]2_[0xe5][0xa4][0xa7][0xe7][0x88][0xb7][0xe7][0x9a][0x84]</field><field name="item_price">54321</field></doc></add>"
2017-01-22 16:41:39,356 [main] [org.apache.http.wire]-[DEBUG]  >> "[\r][\n]"
2017-01-22 16:41:39,356 [main] [org.apache.http.wire]-[DEBUG]  >> "0[\r][\n]"
2017-01-22 16:41:39,357 [main] [org.apache.http.wire]-[DEBUG]  >> "[\r][\n]"
2017-01-22 16:41:39,364 [main] [org.apache.http.wire]-[DEBUG]  << "HTTP/1.1 404 Not Found[\r][\n]"
2017-01-22 16:41:39,366 [main] [org.apache.http.wire]-[DEBUG]  << "Server: nginx/1.10.2[\r][\n]"
2017-01-22 16:41:39,366 [main] [org.apache.http.wire]-[DEBUG]  << "Date: Sun, 22 Jan 2017 08:41:39 GMT[\r][\n]"
2017-01-22 16:41:39,367 [main] [org.apache.http.wire]-[DEBUG]  << "Content-Type: text/html[\r][\n]"
2017-01-22 16:41:39,367 [main] [org.apache.http.wire]-[DEBUG]  << "Content-Length: 169[\r][\n]"
2017-01-22 16:41:39,367 [main] [org.apache.http.wire]-[DEBUG]  << "Connection: keep-alive[\r][\n]"
2017-01-22 16:41:39,367 [main] [org.apache.http.wire]-[DEBUG]  << "[\r][\n]"
2017-01-22 16:41:39,368 [main] [org.apache.http.impl.conn.DefaultClientConnection]-[DEBUG] Receiving response: HTTP/1.1 404 Not Found
2017-01-22 16:41:39,368 [main] [org.apache.http.headers]-[DEBUG] << HTTP/1.1 404 Not Found
2017-01-22 16:41:39,368 [main] [org.apache.http.headers]-[DEBUG] << Server: nginx/1.10.2
2017-01-22 16:41:39,368 [main] [org.apache.http.headers]-[DEBUG] << Date: Sun, 22 Jan 2017 08:41:39 GMT
2017-01-22 16:41:39,369 [main] [org.apache.http.headers]-[DEBUG] << Content-Type: text/html
2017-01-22 16:41:39,369 [main] [org.apache.http.headers]-[DEBUG] << Content-Length: 169
2017-01-22 16:41:39,369 [main] [org.apache.http.headers]-[DEBUG] << Connection: keep-alive
2017-01-22 16:41:39,373 [main] [org.apache.http.impl.client.SystemDefaultHttpClient]-[DEBUG] Connection can be kept alive indefinitely
2017-01-22 16:41:39,396 [main] [org.apache.http.wire]-[DEBUG]  << "<html>[\r][\n]"
2017-01-22 16:41:39,396 [main] [org.apache.http.wire]-[DEBUG]  << "<head><title>404 Not Found</title></head>[\r][\n]"
2017-01-22 16:41:39,396 [main] [org.apache.http.wire]-[DEBUG]  << "<body bgcolor="white">[\r][\n]"
2017-01-22 16:41:39,397 [main] [org.apache.http.wire]-[DEBUG]  << "<center><h1>404 Not Found</h1></center>[\r][\n]"
2017-01-22 16:41:39,397 [main] [org.apache.http.wire]-[DEBUG]  << "<hr><center>nginx/1.10.2</center>[\r][\n]"
2017-01-22 16:41:39,397 [main] [org.apache.http.wire]-[DEBUG]  << "</body>[\r][\n]"
2017-01-22 16:41:39,397 [main] [org.apache.http.wire]-[DEBUG]  << "</html>[\r][\n]"
2017-01-22 16:41:39,397 [main] [org.apache.http.impl.conn.PoolingClientConnectionManager]-[DEBUG] Connection [id: 0][route: {}->http://localhost:8080] can be kept alive indefinitely
2017-01-22 16:41:39,397 [main] [org.apache.http.impl.conn.PoolingClientConnectionManager]-[DEBUG] Connection released: [id: 0][route: {}->http://localhost:8080][total kept alive: 1; route allocated: 1 of 32; total allocated: 1 of 128]
2017-01-22 16:45:43,756 [main] [org.apache.solr.client.solrj.impl.HttpClientUtil]-[DEBUG] Creating new http client, config:maxConnections=128&maxConnectionsPerHost=32&followRedirects=false
2017-01-22 16:45:44,384 [main] [org.apache.http.impl.conn.PoolingClientConnectionManager]-[DEBUG] Connection request: [route: {}->http://127.0.0.1:8080][total kept alive: 0; route allocated: 0 of 32; total allocated: 0 of 128]
2017-01-22 16:45:44,419 [main] [org.apache.http.impl.conn.PoolingClientConnectionManager]-[DEBUG] Connection leased: [id: 0][route: {}->http://127.0.0.1:8080][total kept alive: 0; route allocated: 1 of 32; total allocated: 1 of 128]
2017-01-22 16:45:44,423 [main] [org.apache.http.impl.conn.DefaultClientConnectionOperator]-[DEBUG] Connecting to 127.0.0.1:8080
2017-01-22 16:45:44,474 [main] [org.apache.http.client.protocol.RequestAddCookies]-[DEBUG] CookieSpec selected: best-match
2017-01-22 16:45:44,490 [main] [org.apache.http.client.protocol.RequestAuthCache]-[DEBUG] Auth cache not set in the context
2017-01-22 16:45:44,491 [main] [org.apache.http.client.protocol.RequestTargetAuthentication]-[DEBUG] Target auth state: UNCHALLENGED
2017-01-22 16:45:44,491 [main] [org.apache.http.client.protocol.RequestProxyAuthentication]-[DEBUG] Proxy auth state: UNCHALLENGED
2017-01-22 16:45:44,492 [main] [org.apache.http.impl.client.SystemDefaultHttpClient]-[DEBUG] Attempt 1 to execute request
2017-01-22 16:45:44,492 [main] [org.apache.http.impl.conn.DefaultClientConnection]-[DEBUG] Sending request: POST /solr/update?wt=javabin&version=2 HTTP/1.1
2017-01-22 16:45:44,497 [main] [org.apache.http.wire]-[DEBUG]  >> "POST /solr/update?wt=javabin&version=2 HTTP/1.1[\r][\n]"
2017-01-22 16:45:44,500 [main] [org.apache.http.wire]-[DEBUG]  >> "User-Agent: Solr[org.apache.solr.client.solrj.impl.HttpSolrServer] 1.0[\r][\n]"
2017-01-22 16:45:44,500 [main] [org.apache.http.wire]-[DEBUG]  >> "Transfer-Encoding: chunked[\r][\n]"
2017-01-22 16:45:44,500 [main] [org.apache.http.wire]-[DEBUG]  >> "Content-Type: application/xml; charset=UTF-8[\r][\n]"
2017-01-22 16:45:44,500 [main] [org.apache.http.wire]-[DEBUG]  >> "Host: 127.0.0.1:8080[\r][\n]"
2017-01-22 16:45:44,500 [main] [org.apache.http.wire]-[DEBUG]  >> "Connection: Keep-Alive[\r][\n]"
2017-01-22 16:45:44,501 [main] [org.apache.http.wire]-[DEBUG]  >> "[\r][\n]"
2017-01-22 16:45:44,501 [main] [org.apache.http.headers]-[DEBUG] >> POST /solr/update?wt=javabin&version=2 HTTP/1.1
2017-01-22 16:45:44,501 [main] [org.apache.http.headers]-[DEBUG] >> User-Agent: Solr[org.apache.solr.client.solrj.impl.HttpSolrServer] 1.0
2017-01-22 16:45:44,501 [main] [org.apache.http.headers]-[DEBUG] >> Transfer-Encoding: chunked
2017-01-22 16:45:44,501 [main] [org.apache.http.headers]-[DEBUG] >> Content-Type: application/xml; charset=UTF-8
2017-01-22 16:45:44,501 [main] [org.apache.http.headers]-[DEBUG] >> Host: 127.0.0.1:8080
2017-01-22 16:45:44,501 [main] [org.apache.http.headers]-[DEBUG] >> Connection: Keep-Alive
2017-01-22 16:45:44,502 [main] [org.apache.http.wire]-[DEBUG]  >> "9a[\r][\n]"
2017-01-22 16:45:44,502 [main] [org.apache.http.wire]-[DEBUG]  >> "<add><doc boost="1.0"><field name="id">test001</field><field name="item_title">[0xe5][0x95][0x86][0xe5][0x93][0x81]2_[0xe5][0xa4][0xa7][0xe7][0x88][0xb7][0xe7][0x9a][0x84]</field><field name="item_price">54321</field></doc></add>"
2017-01-22 16:45:44,502 [main] [org.apache.http.wire]-[DEBUG]  >> "[\r][\n]"
2017-01-22 16:45:44,503 [main] [org.apache.http.wire]-[DEBUG]  >> "0[\r][\n]"
2017-01-22 16:45:44,503 [main] [org.apache.http.wire]-[DEBUG]  >> "[\r][\n]"
2017-01-22 16:45:44,588 [main] [org.apache.http.wire]-[DEBUG]  << "HTTP/1.1 200 OK[\r][\n]"
2017-01-22 16:45:44,591 [main] [org.apache.http.wire]-[DEBUG]  << "Server: Apache-Coyote/1.1[\r][\n]"
2017-01-22 16:45:44,591 [main] [org.apache.http.wire]-[DEBUG]  << "Content-Type: application/octet-stream[\r][\n]"
2017-01-22 16:45:44,591 [main] [org.apache.http.wire]-[DEBUG]  << "Content-Length: 41[\r][\n]"
2017-01-22 16:45:44,592 [main] [org.apache.http.wire]-[DEBUG]  << "Date: Sun, 22 Jan 2017 08:45:44 GMT[\r][\n]"
2017-01-22 16:45:44,593 [main] [org.apache.http.wire]-[DEBUG]  << "[\r][\n]"
2017-01-22 16:45:44,603 [main] [org.apache.http.impl.conn.DefaultClientConnection]-[DEBUG] Receiving response: HTTP/1.1 200 OK
2017-01-22 16:45:44,603 [main] [org.apache.http.headers]-[DEBUG] << HTTP/1.1 200 OK
2017-01-22 16:45:44,604 [main] [org.apache.http.headers]-[DEBUG] << Server: Apache-Coyote/1.1
2017-01-22 16:45:44,611 [main] [org.apache.http.headers]-[DEBUG] << Content-Type: application/octet-stream
2017-01-22 16:45:44,621 [main] [org.apache.http.headers]-[DEBUG] << Content-Length: 41
2017-01-22 16:45:44,621 [main] [org.apache.http.headers]-[DEBUG] << Date: Sun, 22 Jan 2017 08:45:44 GMT
2017-01-22 16:45:44,626 [main] [org.apache.http.impl.client.SystemDefaultHttpClient]-[DEBUG] Connection can be kept alive indefinitely
2017-01-22 16:45:44,671 [main] [org.apache.http.wire]-[DEBUG]  << "[0x2][0xa1][0xe0].responseHeader[0xa2][0xe0]&status[0x6][0x0][0x0][0x0][0x0][0xe0]%QTimeY[0x4]"
2017-01-22 16:45:44,675 [main] [org.apache.http.impl.conn.PoolingClientConnectionManager]-[DEBUG] Connection [id: 0][route: {}->http://127.0.0.1:8080] can be kept alive indefinitely
2017-01-22 16:45:44,677 [main] [org.apache.http.impl.conn.PoolingClientConnectionManager]-[DEBUG] Connection released: [id: 0][route: {}->http://127.0.0.1:8080][total kept alive: 1; route allocated: 1 of 32; total allocated: 1 of 128]
2017-01-22 16:45:44,684 [main] [org.apache.http.impl.conn.PoolingClientConnectionManager]-[DEBUG] Connection request: [route: {}->http://127.0.0.1:8080][total kept alive: 1; route allocated: 1 of 32; total allocated: 1 of 128]
2017-01-22 16:45:44,685 [main] [org.apache.http.impl.conn.PoolingClientConnectionManager]-[DEBUG] Connection leased: [id: 0][route: {}->http://127.0.0.1:8080][total kept alive: 0; route allocated: 1 of 32; total allocated: 1 of 128]
2017-01-22 16:45:44,685 [main] [org.apache.http.impl.client.SystemDefaultHttpClient]-[DEBUG] Stale connection check
2017-01-22 16:45:44,687 [main] [org.apache.http.client.protocol.RequestAddCookies]-[DEBUG] CookieSpec selected: best-match
2017-01-22 16:45:44,688 [main] [org.apache.http.client.protocol.RequestAuthCache]-[DEBUG] Auth cache not set in the context
2017-01-22 16:45:44,688 [main] [org.apache.http.client.protocol.RequestTargetAuthentication]-[DEBUG] Target auth state: UNCHALLENGED
2017-01-22 16:45:44,688 [main] [org.apache.http.client.protocol.RequestProxyAuthentication]-[DEBUG] Proxy auth state: UNCHALLENGED
2017-01-22 16:45:44,688 [main] [org.apache.http.impl.client.SystemDefaultHttpClient]-[DEBUG] Attempt 1 to execute request
2017-01-22 16:45:44,688 [main] [org.apache.http.impl.conn.DefaultClientConnection]-[DEBUG] Sending request: POST /solr/update HTTP/1.1
2017-01-22 16:45:44,688 [main] [org.apache.http.wire]-[DEBUG]  >> "POST /solr/update HTTP/1.1[\r][\n]"
2017-01-22 16:45:44,689 [main] [org.apache.http.wire]-[DEBUG]  >> "Content-Type: application/x-www-form-urlencoded; charset=UTF-8[\r][\n]"
2017-01-22 16:45:44,689 [main] [org.apache.http.wire]-[DEBUG]  >> "User-Agent: Solr[org.apache.solr.client.solrj.impl.HttpSolrServer] 1.0[\r][\n]"
2017-01-22 16:45:44,689 [main] [org.apache.http.wire]-[DEBUG]  >> "Content-Length: 67[\r][\n]"
2017-01-22 16:45:44,689 [main] [org.apache.http.wire]-[DEBUG]  >> "Host: 127.0.0.1:8080[\r][\n]"
2017-01-22 16:45:44,689 [main] [org.apache.http.wire]-[DEBUG]  >> "Connection: Keep-Alive[\r][\n]"
2017-01-22 16:45:44,689 [main] [org.apache.http.wire]-[DEBUG]  >> "[\r][\n]"
2017-01-22 16:45:44,689 [main] [org.apache.http.headers]-[DEBUG] >> POST /solr/update HTTP/1.1
2017-01-22 16:45:44,690 [main] [org.apache.http.headers]-[DEBUG] >> Content-Type: application/x-www-form-urlencoded; charset=UTF-8
2017-01-22 16:45:44,690 [main] [org.apache.http.headers]-[DEBUG] >> User-Agent: Solr[org.apache.solr.client.solrj.impl.HttpSolrServer] 1.0
2017-01-22 16:45:44,690 [main] [org.apache.http.headers]-[DEBUG] >> Content-Length: 67
2017-01-22 16:45:44,690 [main] [org.apache.http.headers]-[DEBUG] >> Host: 127.0.0.1:8080
2017-01-22 16:45:44,690 [main] [org.apache.http.headers]-[DEBUG] >> Connection: Keep-Alive
2017-01-22 16:45:44,691 [main] [org.apache.http.wire]-[DEBUG]  >> "commit=true&softCommit=false&waitSearcher=true&wt=javabin&version=2"
2017-01-22 16:45:44,728 [main] [org.apache.http.wire]-[DEBUG]  << "HTTP/1.1 200 OK[\r][\n]"
2017-01-22 16:45:44,728 [main] [org.apache.http.wire]-[DEBUG]  << "Server: Apache-Coyote/1.1[\r][\n]"
2017-01-22 16:45:44,728 [main] [org.apache.http.wire]-[DEBUG]  << "Content-Type: application/octet-stream[\r][\n]"
2017-01-22 16:45:44,733 [main] [org.apache.http.wire]-[DEBUG]  << "Content-Length: 41[\r][\n]"
2017-01-22 16:45:44,733 [main] [org.apache.http.wire]-[DEBUG]  << "Date: Sun, 22 Jan 2017 08:45:44 GMT[\r][\n]"
2017-01-22 16:45:44,733 [main] [org.apache.http.wire]-[DEBUG]  << "[\r][\n]"
2017-01-22 16:45:44,733 [main] [org.apache.http.impl.conn.DefaultClientConnection]-[DEBUG] Receiving response: HTTP/1.1 200 OK
2017-01-22 16:45:44,733 [main] [org.apache.http.headers]-[DEBUG] << HTTP/1.1 200 OK
2017-01-22 16:45:44,734 [main] [org.apache.http.headers]-[DEBUG] << Server: Apache-Coyote/1.1
2017-01-22 16:45:44,734 [main] [org.apache.http.headers]-[DEBUG] << Content-Type: application/octet-stream
2017-01-22 16:45:44,734 [main] [org.apache.http.headers]-[DEBUG] << Content-Length: 41
2017-01-22 16:45:44,734 [main] [org.apache.http.headers]-[DEBUG] << Date: Sun, 22 Jan 2017 08:45:44 GMT
2017-01-22 16:45:44,734 [main] [org.apache.http.impl.client.SystemDefaultHttpClient]-[DEBUG] Connection can be kept alive indefinitely
2017-01-22 16:45:44,735 [main] [org.apache.http.wire]-[DEBUG]  << "[0x2][0xa1][0xe0].responseHeader[0xa2][0xe0]&status[0x6][0x0][0x0][0x0][0x0][0xe0]%QTimeR[0x2]"
2017-01-22 16:45:44,735 [main] [org.apache.http.impl.conn.PoolingClientConnectionManager]-[DEBUG] Connection [id: 0][route: {}->http://127.0.0.1:8080] can be kept alive indefinitely
2017-01-22 16:45:44,735 [main] [org.apache.http.impl.conn.PoolingClientConnectionManager]-[DEBUG] Connection released: [id: 0][route: {}->http://127.0.0.1:8080][total kept alive: 1; route allocated: 1 of 32; total allocated: 1 of 128]
2017-01-22 16:48:14,317 [main] [org.apache.solr.client.solrj.impl.HttpClientUtil]-[DEBUG] Creating new http client, config:maxConnections=128&maxConnectionsPerHost=32&followRedirects=false
2017-01-22 16:48:14,933 [main] [org.apache.http.impl.conn.PoolingClientConnectionManager]-[DEBUG] Connection request: [route: {}->http://127.0.0.1:8080][total kept alive: 0; route allocated: 0 of 32; total allocated: 0 of 128]
2017-01-22 16:48:14,964 [main] [org.apache.http.impl.conn.PoolingClientConnectionManager]-[DEBUG] Connection leased: [id: 0][route: {}->http://127.0.0.1:8080][total kept alive: 0; route allocated: 1 of 32; total allocated: 1 of 128]
2017-01-22 16:48:14,967 [main] [org.apache.http.impl.conn.DefaultClientConnectionOperator]-[DEBUG] Connecting to 127.0.0.1:8080
2017-01-22 16:48:15,005 [main] [org.apache.http.client.protocol.RequestAddCookies]-[DEBUG] CookieSpec selected: best-match
2017-01-22 16:48:15,025 [main] [org.apache.http.client.protocol.RequestAuthCache]-[DEBUG] Auth cache not set in the context
2017-01-22 16:48:15,026 [main] [org.apache.http.client.protocol.RequestTargetAuthentication]-[DEBUG] Target auth state: UNCHALLENGED
2017-01-22 16:48:15,026 [main] [org.apache.http.client.protocol.RequestProxyAuthentication]-[DEBUG] Proxy auth state: UNCHALLENGED
2017-01-22 16:48:15,028 [main] [org.apache.http.impl.client.SystemDefaultHttpClient]-[DEBUG] Attempt 1 to execute request
2017-01-22 16:48:15,028 [main] [org.apache.http.impl.conn.DefaultClientConnection]-[DEBUG] Sending request: GET /solr/select?q=*%3A*&start=20&rows=50&wt=javabin&version=2 HTTP/1.1
2017-01-22 16:48:15,030 [main] [org.apache.http.wire]-[DEBUG]  >> "GET /solr/select?q=*%3A*&start=20&rows=50&wt=javabin&version=2 HTTP/1.1[\r][\n]"
2017-01-22 16:48:15,031 [main] [org.apache.http.wire]-[DEBUG]  >> "User-Agent: Solr[org.apache.solr.client.solrj.impl.HttpSolrServer] 1.0[\r][\n]"
2017-01-22 16:48:15,032 [main] [org.apache.http.wire]-[DEBUG]  >> "Host: 127.0.0.1:8080[\r][\n]"
2017-01-22 16:48:15,033 [main] [org.apache.http.wire]-[DEBUG]  >> "Connection: Keep-Alive[\r][\n]"
2017-01-22 16:48:15,033 [main] [org.apache.http.wire]-[DEBUG]  >> "[\r][\n]"
2017-01-22 16:48:15,034 [main] [org.apache.http.headers]-[DEBUG] >> GET /solr/select?q=*%3A*&start=20&rows=50&wt=javabin&version=2 HTTP/1.1
2017-01-22 16:48:15,034 [main] [org.apache.http.headers]-[DEBUG] >> User-Agent: Solr[org.apache.solr.client.solrj.impl.HttpSolrServer] 1.0
2017-01-22 16:48:15,034 [main] [org.apache.http.headers]-[DEBUG] >> Host: 127.0.0.1:8080
2017-01-22 16:48:15,034 [main] [org.apache.http.headers]-[DEBUG] >> Connection: Keep-Alive
2017-01-22 16:48:15,090 [main] [org.apache.http.wire]-[DEBUG]  << "HTTP/1.1 200 OK[\r][\n]"
2017-01-22 16:48:15,094 [main] [org.apache.http.wire]-[DEBUG]  << "Server: Apache-Coyote/1.1[\r][\n]"
2017-01-22 16:48:15,094 [main] [org.apache.http.wire]-[DEBUG]  << "Content-Type: application/octet-stream[\r][\n]"
2017-01-22 16:48:15,094 [main] [org.apache.http.wire]-[DEBUG]  << "Content-Length: 115[\r][\n]"
2017-01-22 16:48:15,094 [main] [org.apache.http.wire]-[DEBUG]  << "Date: Sun, 22 Jan 2017 08:48:15 GMT[\r][\n]"
2017-01-22 16:48:15,094 [main] [org.apache.http.wire]-[DEBUG]  << "[\r][\n]"
2017-01-22 16:48:15,099 [main] [org.apache.http.impl.conn.DefaultClientConnection]-[DEBUG] Receiving response: HTTP/1.1 200 OK
2017-01-22 16:48:15,100 [main] [org.apache.http.headers]-[DEBUG] << HTTP/1.1 200 OK
2017-01-22 16:48:15,100 [main] [org.apache.http.headers]-[DEBUG] << Server: Apache-Coyote/1.1
2017-01-22 16:48:15,100 [main] [org.apache.http.headers]-[DEBUG] << Content-Type: application/octet-stream
2017-01-22 16:48:15,100 [main] [org.apache.http.headers]-[DEBUG] << Content-Length: 115
2017-01-22 16:48:15,100 [main] [org.apache.http.headers]-[DEBUG] << Date: Sun, 22 Jan 2017 08:48:15 GMT
2017-01-22 16:48:15,107 [main] [org.apache.http.impl.client.SystemDefaultHttpClient]-[DEBUG] Connection can be kept alive indefinitely
2017-01-22 16:48:15,129 [main] [org.apache.http.wire]-[DEBUG]  << "[0x2][0xa2][0xe0].responseHeader[0xa3][0xe0]&status[0x6][0x0][0x0][0x0][0x0][0xe0]%QTimeA[0xe0]&params[0xa5][0xe0]!q#*:*[0xe0]%start"20[0xe0]$rows"50[0xe0]"wt'javabin[0xe0]'version!2[0xe0](response[0xc][0x83]at[0x1][0x0][0x80]"
2017-01-22 16:48:15,132 [main] [org.apache.http.impl.conn.PoolingClientConnectionManager]-[DEBUG] Connection [id: 0][route: {}->http://127.0.0.1:8080] can be kept alive indefinitely
2017-01-22 16:48:15,133 [main] [org.apache.http.impl.conn.PoolingClientConnectionManager]-[DEBUG] Connection released: [id: 0][route: {}->http://127.0.0.1:8080][total kept alive: 1; route allocated: 1 of 32; total allocated: 1 of 128]
2017-01-22 16:48:42,731 [main] [org.apache.solr.client.solrj.impl.HttpClientUtil]-[DEBUG] Creating new http client, config:maxConnections=128&maxConnectionsPerHost=32&followRedirects=false
2017-01-22 16:48:43,297 [main] [org.apache.http.impl.conn.PoolingClientConnectionManager]-[DEBUG] Connection request: [route: {}->http://127.0.0.1:8080][total kept alive: 0; route allocated: 0 of 32; total allocated: 0 of 128]
2017-01-22 16:48:43,329 [main] [org.apache.http.impl.conn.PoolingClientConnectionManager]-[DEBUG] Connection leased: [id: 0][route: {}->http://127.0.0.1:8080][total kept alive: 0; route allocated: 1 of 32; total allocated: 1 of 128]
2017-01-22 16:48:43,332 [main] [org.apache.http.impl.conn.DefaultClientConnectionOperator]-[DEBUG] Connecting to 127.0.0.1:8080
2017-01-22 16:48:43,391 [main] [org.apache.http.client.protocol.RequestAddCookies]-[DEBUG] CookieSpec selected: best-match
2017-01-22 16:48:43,418 [main] [org.apache.http.client.protocol.RequestAuthCache]-[DEBUG] Auth cache not set in the context
2017-01-22 16:48:43,418 [main] [org.apache.http.client.protocol.RequestTargetAuthentication]-[DEBUG] Target auth state: UNCHALLENGED
2017-01-22 16:48:43,422 [main] [org.apache.http.client.protocol.RequestProxyAuthentication]-[DEBUG] Proxy auth state: UNCHALLENGED
2017-01-22 16:48:43,423 [main] [org.apache.http.impl.client.SystemDefaultHttpClient]-[DEBUG] Attempt 1 to execute request
2017-01-22 16:48:43,423 [main] [org.apache.http.impl.conn.DefaultClientConnection]-[DEBUG] Sending request: GET /solr/select?q=*%3A*&start=40&rows=50&wt=javabin&version=2 HTTP/1.1
2017-01-22 16:48:43,426 [main] [org.apache.http.wire]-[DEBUG]  >> "GET /solr/select?q=*%3A*&start=40&rows=50&wt=javabin&version=2 HTTP/1.1[\r][\n]"
2017-01-22 16:48:43,428 [main] [org.apache.http.wire]-[DEBUG]  >> "User-Agent: Solr[org.apache.solr.client.solrj.impl.HttpSolrServer] 1.0[\r][\n]"
2017-01-22 16:48:43,428 [main] [org.apache.http.wire]-[DEBUG]  >> "Host: 127.0.0.1:8080[\r][\n]"
2017-01-22 16:48:43,429 [main] [org.apache.http.wire]-[DEBUG]  >> "Connection: Keep-Alive[\r][\n]"
2017-01-22 16:48:43,429 [main] [org.apache.http.wire]-[DEBUG]  >> "[\r][\n]"
2017-01-22 16:48:43,429 [main] [org.apache.http.headers]-[DEBUG] >> GET /solr/select?q=*%3A*&start=40&rows=50&wt=javabin&version=2 HTTP/1.1
2017-01-22 16:48:43,429 [main] [org.apache.http.headers]-[DEBUG] >> User-Agent: Solr[org.apache.solr.client.solrj.impl.HttpSolrServer] 1.0
2017-01-22 16:48:43,429 [main] [org.apache.http.headers]-[DEBUG] >> Host: 127.0.0.1:8080
2017-01-22 16:48:43,430 [main] [org.apache.http.headers]-[DEBUG] >> Connection: Keep-Alive
2017-01-22 16:48:43,444 [main] [org.apache.http.wire]-[DEBUG]  << "HTTP/1.1 200 OK[\r][\n]"
2017-01-22 16:48:43,446 [main] [org.apache.http.wire]-[DEBUG]  << "Server: Apache-Coyote/1.1[\r][\n]"
2017-01-22 16:48:43,447 [main] [org.apache.http.wire]-[DEBUG]  << "Content-Type: application/octet-stream[\r][\n]"
2017-01-22 16:48:43,447 [main] [org.apache.http.wire]-[DEBUG]  << "Content-Length: 119[\r][\n]"
2017-01-22 16:48:43,447 [main] [org.apache.http.wire]-[DEBUG]  << "Date: Sun, 22 Jan 2017 08:48:43 GMT[\r][\n]"
2017-01-22 16:48:43,447 [main] [org.apache.http.wire]-[DEBUG]  << "[\r][\n]"
2017-01-22 16:48:43,449 [main] [org.apache.http.impl.conn.DefaultClientConnection]-[DEBUG] Receiving response: HTTP/1.1 200 OK
2017-01-22 16:48:43,450 [main] [org.apache.http.headers]-[DEBUG] << HTTP/1.1 200 OK
2017-01-22 16:48:43,450 [main] [org.apache.http.headers]-[DEBUG] << Server: Apache-Coyote/1.1
2017-01-22 16:48:43,450 [main] [org.apache.http.headers]-[DEBUG] << Content-Type: application/octet-stream
2017-01-22 16:48:43,450 [main] [org.apache.http.headers]-[DEBUG] << Content-Length: 119
2017-01-22 16:48:43,450 [main] [org.apache.http.headers]-[DEBUG] << Date: Sun, 22 Jan 2017 08:48:43 GMT
2017-01-22 16:48:43,456 [main] [org.apache.http.impl.client.SystemDefaultHttpClient]-[DEBUG] Connection can be kept alive indefinitely
2017-01-22 16:48:43,482 [main] [org.apache.http.wire]-[DEBUG]  << "[0x2][0xa2][0xe0].responseHeader[0xa3][0xe0]&status[0x6][0x0][0x0][0x0][0x0][0xe0]%QTime[0x6][0x0][0x0][0x0][0x0][0xe0]&params[0xa5][0xe0]!q#*:*[0xe0]%start"40[0xe0]$rows"50[0xe0]"wt'javabin[0xe0]'version!2[0xe0](response[0xc][0x83]ax[0x2][0x0][0x80]"
2017-01-22 16:48:43,488 [main] [org.apache.http.impl.conn.PoolingClientConnectionManager]-[DEBUG] Connection [id: 0][route: {}->http://127.0.0.1:8080] can be kept alive indefinitely
2017-01-22 16:48:43,490 [main] [org.apache.http.impl.conn.PoolingClientConnectionManager]-[DEBUG] Connection released: [id: 0][route: {}->http://127.0.0.1:8080][total kept alive: 1; route allocated: 1 of 32; total allocated: 1 of 128]
2017-01-22 16:48:50,251 [main] [org.apache.solr.client.solrj.impl.HttpClientUtil]-[DEBUG] Creating new http client, config:maxConnections=128&maxConnectionsPerHost=32&followRedirects=false
2017-01-22 16:48:50,829 [main] [org.apache.http.impl.conn.PoolingClientConnectionManager]-[DEBUG] Connection request: [route: {}->http://127.0.0.1:8080][total kept alive: 0; route allocated: 0 of 32; total allocated: 0 of 128]
2017-01-22 16:48:50,853 [main] [org.apache.http.impl.conn.PoolingClientConnectionManager]-[DEBUG] Connection leased: [id: 0][route: {}->http://127.0.0.1:8080][total kept alive: 0; route allocated: 1 of 32; total allocated: 1 of 128]
2017-01-22 16:48:50,855 [main] [org.apache.http.impl.conn.DefaultClientConnectionOperator]-[DEBUG] Connecting to 127.0.0.1:8080
2017-01-22 16:48:50,884 [main] [org.apache.http.client.protocol.RequestAddCookies]-[DEBUG] CookieSpec selected: best-match
2017-01-22 16:48:50,946 [main] [org.apache.http.client.protocol.RequestAuthCache]-[DEBUG] Auth cache not set in the context
2017-01-22 16:48:50,947 [main] [org.apache.http.client.protocol.RequestTargetAuthentication]-[DEBUG] Target auth state: UNCHALLENGED
2017-01-22 16:48:50,950 [main] [org.apache.http.client.protocol.RequestProxyAuthentication]-[DEBUG] Proxy auth state: UNCHALLENGED
2017-01-22 16:48:50,950 [main] [org.apache.http.impl.client.SystemDefaultHttpClient]-[DEBUG] Attempt 1 to execute request
2017-01-22 16:48:50,950 [main] [org.apache.http.impl.conn.DefaultClientConnection]-[DEBUG] Sending request: POST /solr/update?wt=javabin&version=2 HTTP/1.1
2017-01-22 16:48:50,952 [main] [org.apache.http.wire]-[DEBUG]  >> "POST /solr/update?wt=javabin&version=2 HTTP/1.1[\r][\n]"
2017-01-22 16:48:50,953 [main] [org.apache.http.wire]-[DEBUG]  >> "User-Agent: Solr[org.apache.solr.client.solrj.impl.HttpSolrServer] 1.0[\r][\n]"
2017-01-22 16:48:50,954 [main] [org.apache.http.wire]-[DEBUG]  >> "Transfer-Encoding: chunked[\r][\n]"
2017-01-22 16:48:50,954 [main] [org.apache.http.wire]-[DEBUG]  >> "Content-Type: application/xml; charset=UTF-8[\r][\n]"
2017-01-22 16:48:50,954 [main] [org.apache.http.wire]-[DEBUG]  >> "Host: 127.0.0.1:8080[\r][\n]"
2017-01-22 16:48:50,955 [main] [org.apache.http.wire]-[DEBUG]  >> "Connection: Keep-Alive[\r][\n]"
2017-01-22 16:48:50,955 [main] [org.apache.http.wire]-[DEBUG]  >> "[\r][\n]"
2017-01-22 16:48:50,956 [main] [org.apache.http.headers]-[DEBUG] >> POST /solr/update?wt=javabin&version=2 HTTP/1.1
2017-01-22 16:48:50,956 [main] [org.apache.http.headers]-[DEBUG] >> User-Agent: Solr[org.apache.solr.client.solrj.impl.HttpSolrServer] 1.0
2017-01-22 16:48:50,956 [main] [org.apache.http.headers]-[DEBUG] >> Transfer-Encoding: chunked
2017-01-22 16:48:50,956 [main] [org.apache.http.headers]-[DEBUG] >> Content-Type: application/xml; charset=UTF-8
2017-01-22 16:48:50,956 [main] [org.apache.http.headers]-[DEBUG] >> Host: 127.0.0.1:8080
2017-01-22 16:48:50,956 [main] [org.apache.http.headers]-[DEBUG] >> Connection: Keep-Alive
2017-01-22 16:48:50,957 [main] [org.apache.http.wire]-[DEBUG]  >> "23[\r][\n]"
2017-01-22 16:48:50,957 [main] [org.apache.http.wire]-[DEBUG]  >> "<delete><query>*:*</query></delete>"
2017-01-22 16:48:50,957 [main] [org.apache.http.wire]-[DEBUG]  >> "[\r][\n]"
2017-01-22 16:48:50,958 [main] [org.apache.http.wire]-[DEBUG]  >> "0[\r][\n]"
2017-01-22 16:48:50,958 [main] [org.apache.http.wire]-[DEBUG]  >> "[\r][\n]"
2017-01-22 16:48:51,080 [main] [org.apache.http.wire]-[DEBUG]  << "HTTP/1.1 200 OK[\r][\n]"
2017-01-22 16:48:51,097 [main] [org.apache.http.wire]-[DEBUG]  << "Server: Apache-Coyote/1.1[\r][\n]"
2017-01-22 16:48:51,100 [main] [org.apache.http.wire]-[DEBUG]  << "Content-Type: application/octet-stream[\r][\n]"
2017-01-22 16:48:51,100 [main] [org.apache.http.wire]-[DEBUG]  << "Content-Length: 41[\r][\n]"
2017-01-22 16:48:51,100 [main] [org.apache.http.wire]-[DEBUG]  << "Date: Sun, 22 Jan 2017 08:48:51 GMT[\r][\n]"
2017-01-22 16:48:51,100 [main] [org.apache.http.wire]-[DEBUG]  << "[\r][\n]"
2017-01-22 16:48:51,101 [main] [org.apache.http.impl.conn.DefaultClientConnection]-[DEBUG] Receiving response: HTTP/1.1 200 OK
2017-01-22 16:48:51,101 [main] [org.apache.http.headers]-[DEBUG] << HTTP/1.1 200 OK
2017-01-22 16:48:51,101 [main] [org.apache.http.headers]-[DEBUG] << Server: Apache-Coyote/1.1
2017-01-22 16:48:51,113 [main] [org.apache.http.headers]-[DEBUG] << Content-Type: application/octet-stream
2017-01-22 16:48:51,114 [main] [org.apache.http.headers]-[DEBUG] << Content-Length: 41
2017-01-22 16:48:51,114 [main] [org.apache.http.headers]-[DEBUG] << Date: Sun, 22 Jan 2017 08:48:51 GMT
2017-01-22 16:48:51,118 [main] [org.apache.http.impl.client.SystemDefaultHttpClient]-[DEBUG] Connection can be kept alive indefinitely
2017-01-22 16:48:51,160 [main] [org.apache.http.wire]-[DEBUG]  << "[0x2][0xa1][0xe0].responseHeader[0xa2][0xe0]&status[0x6][0x0][0x0][0x0][0x0][0xe0]%QTimeX[0x7]"
2017-01-22 16:48:51,163 [main] [org.apache.http.impl.conn.PoolingClientConnectionManager]-[DEBUG] Connection [id: 0][route: {}->http://127.0.0.1:8080] can be kept alive indefinitely
2017-01-22 16:48:51,163 [main] [org.apache.http.impl.conn.PoolingClientConnectionManager]-[DEBUG] Connection released: [id: 0][route: {}->http://127.0.0.1:8080][total kept alive: 1; route allocated: 1 of 32; total allocated: 1 of 128]
2017-01-22 16:48:51,171 [main] [org.apache.http.impl.conn.PoolingClientConnectionManager]-[DEBUG] Connection request: [route: {}->http://127.0.0.1:8080][total kept alive: 1; route allocated: 1 of 32; total allocated: 1 of 128]
2017-01-22 16:48:51,173 [main] [org.apache.http.impl.conn.PoolingClientConnectionManager]-[DEBUG] Connection leased: [id: 0][route: {}->http://127.0.0.1:8080][total kept alive: 0; route allocated: 1 of 32; total allocated: 1 of 128]
2017-01-22 16:48:51,173 [main] [org.apache.http.impl.client.SystemDefaultHttpClient]-[DEBUG] Stale connection check
2017-01-22 16:48:51,178 [main] [org.apache.http.client.protocol.RequestAddCookies]-[DEBUG] CookieSpec selected: best-match
2017-01-22 16:48:51,180 [main] [org.apache.http.client.protocol.RequestAuthCache]-[DEBUG] Auth cache not set in the context
2017-01-22 16:48:51,180 [main] [org.apache.http.client.protocol.RequestTargetAuthentication]-[DEBUG] Target auth state: UNCHALLENGED
2017-01-22 16:48:51,180 [main] [org.apache.http.client.protocol.RequestProxyAuthentication]-[DEBUG] Proxy auth state: UNCHALLENGED
2017-01-22 16:48:51,180 [main] [org.apache.http.impl.client.SystemDefaultHttpClient]-[DEBUG] Attempt 1 to execute request
2017-01-22 16:48:51,181 [main] [org.apache.http.impl.conn.DefaultClientConnection]-[DEBUG] Sending request: POST /solr/update HTTP/1.1
2017-01-22 16:48:51,181 [main] [org.apache.http.wire]-[DEBUG]  >> "POST /solr/update HTTP/1.1[\r][\n]"
2017-01-22 16:48:51,181 [main] [org.apache.http.wire]-[DEBUG]  >> "Content-Type: application/x-www-form-urlencoded; charset=UTF-8[\r][\n]"
2017-01-22 16:48:51,181 [main] [org.apache.http.wire]-[DEBUG]  >> "User-Agent: Solr[org.apache.solr.client.solrj.impl.HttpSolrServer] 1.0[\r][\n]"
2017-01-22 16:48:51,182 [main] [org.apache.http.wire]-[DEBUG]  >> "Content-Length: 67[\r][\n]"
2017-01-22 16:48:51,182 [main] [org.apache.http.wire]-[DEBUG]  >> "Host: 127.0.0.1:8080[\r][\n]"
2017-01-22 16:48:51,182 [main] [org.apache.http.wire]-[DEBUG]  >> "Connection: Keep-Alive[\r][\n]"
2017-01-22 16:48:51,182 [main] [org.apache.http.wire]-[DEBUG]  >> "[\r][\n]"
2017-01-22 16:48:51,182 [main] [org.apache.http.headers]-[DEBUG] >> POST /solr/update HTTP/1.1
2017-01-22 16:48:51,183 [main] [org.apache.http.headers]-[DEBUG] >> Content-Type: application/x-www-form-urlencoded; charset=UTF-8
2017-01-22 16:48:51,183 [main] [org.apache.http.headers]-[DEBUG] >> User-Agent: Solr[org.apache.solr.client.solrj.impl.HttpSolrServer] 1.0
2017-01-22 16:48:51,183 [main] [org.apache.http.headers]-[DEBUG] >> Content-Length: 67
2017-01-22 16:48:51,184 [main] [org.apache.http.headers]-[DEBUG] >> Host: 127.0.0.1:8080
2017-01-22 16:48:51,184 [main] [org.apache.http.headers]-[DEBUG] >> Connection: Keep-Alive
2017-01-22 16:48:51,185 [main] [org.apache.http.wire]-[DEBUG]  >> "commit=true&softCommit=false&waitSearcher=true&wt=javabin&version=2"
2017-01-22 16:48:51,204 [main] [org.apache.http.wire]-[DEBUG]  << "HTTP/1.1 200 OK[\r][\n]"
2017-01-22 16:48:51,205 [main] [org.apache.http.wire]-[DEBUG]  << "Server: Apache-Coyote/1.1[\r][\n]"
2017-01-22 16:48:51,205 [main] [org.apache.http.wire]-[DEBUG]  << "Content-Type: application/octet-stream[\r][\n]"
2017-01-22 16:48:51,208 [main] [org.apache.http.wire]-[DEBUG]  << "Content-Length: 41[\r][\n]"
2017-01-22 16:48:51,208 [main] [org.apache.http.wire]-[DEBUG]  << "Date: Sun, 22 Jan 2017 08:48:51 GMT[\r][\n]"
2017-01-22 16:48:51,208 [main] [org.apache.http.wire]-[DEBUG]  << "[\r][\n]"
2017-01-22 16:48:51,209 [main] [org.apache.http.impl.conn.DefaultClientConnection]-[DEBUG] Receiving response: HTTP/1.1 200 OK
2017-01-22 16:48:51,209 [main] [org.apache.http.headers]-[DEBUG] << HTTP/1.1 200 OK
2017-01-22 16:48:51,209 [main] [org.apache.http.headers]-[DEBUG] << Server: Apache-Coyote/1.1
2017-01-22 16:48:51,209 [main] [org.apache.http.headers]-[DEBUG] << Content-Type: application/octet-stream
2017-01-22 16:48:51,210 [main] [org.apache.http.headers]-[DEBUG] << Content-Length: 41
2017-01-22 16:48:51,210 [main] [org.apache.http.headers]-[DEBUG] << Date: Sun, 22 Jan 2017 08:48:51 GMT
2017-01-22 16:48:51,210 [main] [org.apache.http.impl.client.SystemDefaultHttpClient]-[DEBUG] Connection can be kept alive indefinitely
2017-01-22 16:48:51,211 [main] [org.apache.http.wire]-[DEBUG]  << "[0x2][0xa1][0xe0].responseHeader[0xa2][0xe0]&status[0x6][0x0][0x0][0x0][0x0][0xe0]%QTimeQ[0x1]"
2017-01-22 16:48:51,211 [main] [org.apache.http.impl.conn.PoolingClientConnectionManager]-[DEBUG] Connection [id: 0][route: {}->http://127.0.0.1:8080] can be kept alive indefinitely
2017-01-22 16:48:51,211 [main] [org.apache.http.impl.conn.PoolingClientConnectionManager]-[DEBUG] Connection released: [id: 0][route: {}->http://127.0.0.1:8080][total kept alive: 1; route allocated: 1 of 32; total allocated: 1 of 128]
2017-01-22 16:48:57,382 [main] [org.apache.solr.client.solrj.impl.HttpClientUtil]-[DEBUG] Creating new http client, config:maxConnections=128&maxConnectionsPerHost=32&followRedirects=false
2017-01-22 16:48:58,024 [main] [org.apache.http.impl.conn.PoolingClientConnectionManager]-[DEBUG] Connection request: [route: {}->http://127.0.0.1:8080][total kept alive: 0; route allocated: 0 of 32; total allocated: 0 of 128]
2017-01-22 16:48:58,043 [main] [org.apache.http.impl.conn.PoolingClientConnectionManager]-[DEBUG] Connection leased: [id: 0][route: {}->http://127.0.0.1:8080][total kept alive: 0; route allocated: 1 of 32; total allocated: 1 of 128]
2017-01-22 16:48:58,047 [main] [org.apache.http.impl.conn.DefaultClientConnectionOperator]-[DEBUG] Connecting to 127.0.0.1:8080
2017-01-22 16:48:58,085 [main] [org.apache.http.client.protocol.RequestAddCookies]-[DEBUG] CookieSpec selected: best-match
2017-01-22 16:48:58,104 [main] [org.apache.http.client.protocol.RequestAuthCache]-[DEBUG] Auth cache not set in the context
2017-01-22 16:48:58,104 [main] [org.apache.http.client.protocol.RequestTargetAuthentication]-[DEBUG] Target auth state: UNCHALLENGED
2017-01-22 16:48:58,105 [main] [org.apache.http.client.protocol.RequestProxyAuthentication]-[DEBUG] Proxy auth state: UNCHALLENGED
2017-01-22 16:48:58,105 [main] [org.apache.http.impl.client.SystemDefaultHttpClient]-[DEBUG] Attempt 1 to execute request
2017-01-22 16:48:58,105 [main] [org.apache.http.impl.conn.DefaultClientConnection]-[DEBUG] Sending request: GET /solr/select?q=*%3A*&start=40&rows=50&wt=javabin&version=2 HTTP/1.1
2017-01-22 16:48:58,106 [main] [org.apache.http.wire]-[DEBUG]  >> "GET /solr/select?q=*%3A*&start=40&rows=50&wt=javabin&version=2 HTTP/1.1[\r][\n]"
2017-01-22 16:48:58,108 [main] [org.apache.http.wire]-[DEBUG]  >> "User-Agent: Solr[org.apache.solr.client.solrj.impl.HttpSolrServer] 1.0[\r][\n]"
2017-01-22 16:48:58,108 [main] [org.apache.http.wire]-[DEBUG]  >> "Host: 127.0.0.1:8080[\r][\n]"
2017-01-22 16:48:58,109 [main] [org.apache.http.wire]-[DEBUG]  >> "Connection: Keep-Alive[\r][\n]"
2017-01-22 16:48:58,109 [main] [org.apache.http.wire]-[DEBUG]  >> "[\r][\n]"
2017-01-22 16:48:58,109 [main] [org.apache.http.headers]-[DEBUG] >> GET /solr/select?q=*%3A*&start=40&rows=50&wt=javabin&version=2 HTTP/1.1
2017-01-22 16:48:58,109 [main] [org.apache.http.headers]-[DEBUG] >> User-Agent: Solr[org.apache.solr.client.solrj.impl.HttpSolrServer] 1.0
2017-01-22 16:48:58,110 [main] [org.apache.http.headers]-[DEBUG] >> Host: 127.0.0.1:8080
2017-01-22 16:48:58,110 [main] [org.apache.http.headers]-[DEBUG] >> Connection: Keep-Alive
2017-01-22 16:48:58,113 [main] [org.apache.http.wire]-[DEBUG]  << "HTTP/1.1 200 OK[\r][\n]"
2017-01-22 16:48:58,115 [main] [org.apache.http.wire]-[DEBUG]  << "Server: Apache-Coyote/1.1[\r][\n]"
2017-01-22 16:48:58,115 [main] [org.apache.http.wire]-[DEBUG]  << "Content-Type: application/octet-stream[\r][\n]"
2017-01-22 16:48:58,115 [main] [org.apache.http.wire]-[DEBUG]  << "Content-Length: 115[\r][\n]"
2017-01-22 16:48:58,116 [main] [org.apache.http.wire]-[DEBUG]  << "Date: Sun, 22 Jan 2017 08:48:58 GMT[\r][\n]"
2017-01-22 16:48:58,116 [main] [org.apache.http.wire]-[DEBUG]  << "[\r][\n]"
2017-01-22 16:48:58,117 [main] [org.apache.http.impl.conn.DefaultClientConnection]-[DEBUG] Receiving response: HTTP/1.1 200 OK
2017-01-22 16:48:58,117 [main] [org.apache.http.headers]-[DEBUG] << HTTP/1.1 200 OK
2017-01-22 16:48:58,118 [main] [org.apache.http.headers]-[DEBUG] << Server: Apache-Coyote/1.1
2017-01-22 16:48:58,118 [main] [org.apache.http.headers]-[DEBUG] << Content-Type: application/octet-stream
2017-01-22 16:48:58,118 [main] [org.apache.http.headers]-[DEBUG] << Content-Length: 115
2017-01-22 16:48:58,118 [main] [org.apache.http.headers]-[DEBUG] << Date: Sun, 22 Jan 2017 08:48:58 GMT
2017-01-22 16:48:58,122 [main] [org.apache.http.impl.client.SystemDefaultHttpClient]-[DEBUG] Connection can be kept alive indefinitely
2017-01-22 16:48:58,142 [main] [org.apache.http.wire]-[DEBUG]  << "[0x2][0xa2][0xe0].responseHeader[0xa3][0xe0]&status[0x6][0x0][0x0][0x0][0x0][0xe0]%QTimeA[0xe0]&params[0xa5][0xe0]!q#*:*[0xe0]%start"40[0xe0]$rows"50[0xe0]"wt'javabin[0xe0]'version!2[0xe0](response[0xc][0x83]`x[0x2][0x0][0x80]"
2017-01-22 16:48:58,149 [main] [org.apache.http.impl.conn.PoolingClientConnectionManager]-[DEBUG] Connection [id: 0][route: {}->http://127.0.0.1:8080] can be kept alive indefinitely
2017-01-22 16:48:58,149 [main] [org.apache.http.impl.conn.PoolingClientConnectionManager]-[DEBUG] Connection released: [id: 0][route: {}->http://127.0.0.1:8080][total kept alive: 1; route allocated: 1 of 32; total allocated: 1 of 128]
2017-01-22 16:49:30,799 [main] [com.taotao.rest.jedis.JedisTest]-[DEBUG] 调用redisCluster开始
2017-01-22 16:49:30,806 [main] [com.taotao.rest.jedis.JedisTest]-[INFO] 创建一个JedisCluster对象
2017-01-22 16:49:30,983 [main] [com.taotao.rest.jedis.JedisTest]-[DEBUG] 设置key1的值为1000
